15:08:46,429 (main) INFO  [uniandes.isis2304.hotelandes.interfazApp.InterfazHotelAndesApp] - Se encontró un archivo de configuración válido: Interfaz
15:08:46,430 (main) INFO  [uniandes.isis2304.hotelandes.interfazApp.InterfazHotelAndesApp] - Se aplica configuración indicada en el archivo de configuración
15:08:46,445 (main) INFO  [uniandes.isis2304.hotelandes.interfazApp.InterfazHotelAndesApp] - Se encontró un archivo de configuración válido: Tablas BD
15:08:53,129 (main) INFO  [uniandes.isis2304.hotelandes.interfazApp.InterfazHotelAndesApp] - Se encontró un archivo de configuración válido: Interfaz
15:08:53,140 (main) INFO  [uniandes.isis2304.hotelandes.interfazApp.InterfazHotelAndesApp] - Se aplica configuración indicada en el archivo de configuración
15:08:53,156 (main) INFO  [uniandes.isis2304.hotelandes.interfazApp.InterfazHotelAndesApp] - Se encontró un archivo de configuración válido: Tablas BD
15:10:09,485 (main) INFO  [uniandes.isis2304.hotelandes.interfazApp.InterfazHotelAndesApp] - Se encontró un archivo de configuración válido: Interfaz
15:10:09,486 (main) INFO  [uniandes.isis2304.hotelandes.interfazApp.InterfazHotelAndesApp] - Se aplica configuración indicada en el archivo de configuración
15:10:09,500 (main) INFO  [uniandes.isis2304.hotelandes.interfazApp.InterfazHotelAndesApp] - Se encontró un archivo de configuración válido: Tablas BD
15:10:28,803 (main) INFO  [uniandes.isis2304.hotelandes.interfazApp.InterfazHotelAndesApp] - Se encontró un archivo de configuración válido: Interfaz
15:10:28,804 (main) INFO  [uniandes.isis2304.hotelandes.interfazApp.InterfazHotelAndesApp] - Se aplica configuración indicada en el archivo de configuración
15:10:28,817 (main) INFO  [uniandes.isis2304.hotelandes.interfazApp.InterfazHotelAndesApp] - Se encontró un archivo de configuración válido: Tablas BD
15:11:22,163 (main) INFO  [uniandes.isis2304.hotelandes.interfazApp.InterfazHotelAndesApp] - Se encontró un archivo de configuración válido: Interfaz
15:11:22,164 (main) INFO  [uniandes.isis2304.hotelandes.interfazApp.InterfazHotelAndesApp] - Se aplica configuración indicada en el archivo de configuración
15:11:22,178 (main) INFO  [uniandes.isis2304.hotelandes.interfazApp.InterfazHotelAndesApp] - Se encontró un archivo de configuración válido: Tablas BD
15:11:35,280 (main) INFO  [uniandes.isis2304.hotelandes.interfazApp.InterfazHotelAndesApp] - Se encontró un archivo de configuración válido: Interfaz
15:11:35,281 (main) INFO  [uniandes.isis2304.hotelandes.interfazApp.InterfazHotelAndesApp] - Se aplica configuración indicada en el archivo de configuración
15:11:35,294 (main) INFO  [uniandes.isis2304.hotelandes.interfazApp.InterfazHotelAndesApp] - Se encontró un archivo de configuración válido: Tablas BD
15:20:38,441 (main) INFO  [uniandes.isis2304.hotelandes.interfazApp.InterfazHotelAndesApp] - Se encontró un archivo de configuración válido: Interfaz
15:20:38,442 (main) INFO  [uniandes.isis2304.hotelandes.interfazApp.InterfazHotelAndesApp] - Se aplica configuración indicada en el archivo de configuración
15:20:38,456 (main) INFO  [uniandes.isis2304.hotelandes.interfazApp.InterfazHotelAndesApp] - Se encontró un archivo de configuración válido: Tablas BD
15:21:48,907 (main) INFO  [uniandes.isis2304.hotelandes.interfazApp.InterfazHotelAndesApp] - Se encontró un archivo de configuración válido: Interfaz
15:21:48,908 (main) INFO  [uniandes.isis2304.hotelandes.interfazApp.InterfazHotelAndesApp] - Se aplica configuración indicada en el archivo de configuración
15:21:48,920 (main) INFO  [uniandes.isis2304.hotelandes.interfazApp.InterfazHotelAndesApp] - Se encontró un archivo de configuración válido: Tablas BD
15:22:00,323 (main) INFO  [uniandes.isis2304.hotelandes.interfazApp.InterfazHotelAndesApp] - Se encontró un archivo de configuración válido: Interfaz
15:22:00,323 (main) INFO  [uniandes.isis2304.hotelandes.interfazApp.InterfazHotelAndesApp] - Se aplica configuración indicada en el archivo de configuración
15:22:00,337 (main) INFO  [uniandes.isis2304.hotelandes.interfazApp.InterfazHotelAndesApp] - Se encontró un archivo de configuración válido: Tablas BD
15:22:03,991 (main) INFO  [uniandes.isis2304.hotelandes.interfazApp.InterfazHotelAndesApp] - Se encontró un archivo de configuración válido: Interfaz
15:22:03,991 (main) INFO  [uniandes.isis2304.hotelandes.interfazApp.InterfazHotelAndesApp] - Se aplica configuración indicada en el archivo de configuración
15:22:04,005 (main) INFO  [uniandes.isis2304.hotelandes.interfazApp.InterfazHotelAndesApp] - Se encontró un archivo de configuración válido: Tablas BD
15:23:52,036 (main) INFO  [uniandes.isis2304.hotelandes.interfazApp.InterfazHotelAndesApp] - Se encontró un archivo de configuración válido: Interfaz
15:23:52,037 (main) INFO  [uniandes.isis2304.hotelandes.interfazApp.InterfazHotelAndesApp] - Se aplica configuración indicada en el archivo de configuración
15:23:52,051 (main) INFO  [uniandes.isis2304.hotelandes.interfazApp.InterfazHotelAndesApp] - Se encontró un archivo de configuración válido: Tablas BD
15:25:26,093 (main) INFO  [uniandes.isis2304.hotelandes.interfazApp.InterfazHotelAndesApp] - Se encontró un archivo de configuración válido: Interfaz
15:25:26,094 (main) INFO  [uniandes.isis2304.hotelandes.interfazApp.InterfazHotelAndesApp] - Se aplica configuración indicada en el archivo de configuración
15:25:26,110 (main) INFO  [uniandes.isis2304.hotelandes.interfazApp.InterfazHotelAndesApp] - Se encontró un archivo de configuración válido: Tablas BD
15:27:18,457 (main) INFO  [uniandes.isis2304.hotelandes.interfazApp.InterfazHotelAndesApp] - Se encontró un archivo de configuración válido: Interfaz
15:27:18,458 (main) INFO  [uniandes.isis2304.hotelandes.interfazApp.InterfazHotelAndesApp] - Se aplica configuración indicada en el archivo de configuración
15:27:18,475 (main) INFO  [uniandes.isis2304.hotelandes.interfazApp.InterfazHotelAndesApp] - Se encontró un archivo de configuración válido: Tablas BD
15:28:59,465 (main) INFO  [uniandes.isis2304.hotelandes.interfazApp.InterfazHotelAndesApp] - Se encontró un archivo de configuración válido: Interfaz
15:28:59,465 (main) INFO  [uniandes.isis2304.hotelandes.interfazApp.InterfazHotelAndesApp] - Se aplica configuración indicada en el archivo de configuración
15:28:59,480 (main) INFO  [uniandes.isis2304.hotelandes.interfazApp.InterfazHotelAndesApp] - Se encontró un archivo de configuración válido: Tablas BD
15:29:05,518 (AWT-EventQueue-0) INFO  [uniandes.isis2304.hotelandes.negocio.HotelAndes] - Adicionando consumo: 2
15:29:37,416 (main) INFO  [uniandes.isis2304.hotelandes.interfazApp.InterfazHotelAndesApp] - Se encontró un archivo de configuración válido: Interfaz
15:29:37,417 (main) INFO  [uniandes.isis2304.hotelandes.interfazApp.InterfazHotelAndesApp] - Se aplica configuración indicada en el archivo de configuración
15:29:37,434 (main) INFO  [uniandes.isis2304.hotelandes.interfazApp.InterfazHotelAndesApp] - Se encontró un archivo de configuración válido: Tablas BD
15:29:42,413 (AWT-EventQueue-0) INFO  [uniandes.isis2304.hotelandes.negocio.HotelAndes] - Adicionando consumo: 2
15:29:42,583 (AWT-EventQueue-0) ERROR [uniandes.isis2304.hotelandes.persistencia.PersistenciaHotelAndes] - Exception : Error executing SQL query "INSERT INTO A_AVAILABLEDATE(id, idService, value, createdDate) values (?, ?, ?, ?)".
ORA-00904: "CREATEDDATE": invalid identifier

15:29:42,593 (AWT-EventQueue-0) INFO  [uniandes.isis2304.hotelandes.negocio.HotelAndes] - Adicionando consumoa: null
15:31:27,890 (AWT-EventQueue-0) INFO  [uniandes.isis2304.hotelandes.negocio.HotelAndes] - Adicionando consumo: 2
15:31:27,918 (AWT-EventQueue-0) ERROR [uniandes.isis2304.hotelandes.persistencia.PersistenciaHotelAndes] - Exception : Error executing SQL query "INSERT INTO A_AVAILABLEDATE(id, idService, value, createdDate) values (?, ?, ?, ?)".
ORA-00904: "CREATEDDATE": invalid identifier

15:31:27,927 (AWT-EventQueue-0) INFO  [uniandes.isis2304.hotelandes.negocio.HotelAndes] - Adicionando consumoa: null
15:35:05,287 (main) INFO  [uniandes.isis2304.hotelandes.interfazApp.InterfazHotelAndesApp] - Se encontró un archivo de configuración válido: Interfaz
15:35:05,288 (main) INFO  [uniandes.isis2304.hotelandes.interfazApp.InterfazHotelAndesApp] - Se aplica configuración indicada en el archivo de configuración
15:35:05,302 (main) INFO  [uniandes.isis2304.hotelandes.interfazApp.InterfazHotelAndesApp] - Se encontró un archivo de configuración válido: Tablas BD
15:35:09,745 (AWT-EventQueue-0) INFO  [uniandes.isis2304.hotelandes.negocio.HotelAndes] - Adicionando consumo: 2
15:35:09,907 (AWT-EventQueue-0) ERROR [uniandes.isis2304.hotelandes.persistencia.PersistenciaHotelAndes] - Exception : Error executing SQL query "INSERT INTO A_SERVICEINVOICE(id, idService, value, createdDate) values (?, ?, ?, ?)".
ORA-02291: integrity constraint (ISIS2304C17202210.FK_S_SERVICE) violated - parent key not found

15:35:09,918 (AWT-EventQueue-0) INFO  [uniandes.isis2304.hotelandes.negocio.HotelAndes] - Adicionando consumoa: null
15:36:12,066 (AWT-EventQueue-0) INFO  [uniandes.isis2304.hotelandes.negocio.HotelAndes] - Adicionando consumo: 1
15:36:12,110 (AWT-EventQueue-0) INFO  [uniandes.isis2304.hotelandes.negocio.HotelAndes] - Adicionando consumoa: ServiceInvoice [id=4, idService=1, value=100.0, createdDate=2022-04-03 15:36:12.085, paidDate=null]
16:36:16,211 (main) INFO  [uniandes.isis2304.hotelandes.interfazApp.InterfazHotelAndesApp] - Se encontró un archivo de configuración válido: Interfaz
16:36:16,211 (main) INFO  [uniandes.isis2304.hotelandes.interfazApp.InterfazHotelAndesApp] - Se aplica configuración indicada en el archivo de configuración
16:36:23,317 (main) INFO  [uniandes.isis2304.hotelandes.interfazApp.InterfazHotelAndesApp] - Se encontró un archivo de configuración válido: Tablas BD
19:44:30,658 (main) INFO  [uniandes.isis2304.hotelandes.interfazApp.InterfazHotelAndesApp] - Se encontró un archivo de configuración válido: Interfaz
19:44:30,659 (main) INFO  [uniandes.isis2304.hotelandes.interfazApp.InterfazHotelAndesApp] - Se aplica configuración indicada en el archivo de configuración
19:44:49,434 (main) INFO  [uniandes.isis2304.hotelandes.interfazApp.InterfazHotelAndesApp] - Se encontró un archivo de configuración válido: Interfaz
19:44:49,434 (main) INFO  [uniandes.isis2304.hotelandes.interfazApp.InterfazHotelAndesApp] - Se aplica configuración indicada en el archivo de configuración
19:45:13,969 (main) INFO  [uniandes.isis2304.hotelandes.interfazApp.InterfazHotelAndesApp] - Se encontró un archivo de configuración válido: Interfaz
19:45:13,969 (main) INFO  [uniandes.isis2304.hotelandes.interfazApp.InterfazHotelAndesApp] - Se aplica configuración indicada en el archivo de configuración
19:45:40,693 (main) INFO  [uniandes.isis2304.hotelandes.interfazApp.InterfazHotelAndesApp] - Se encontró un archivo de configuración válido: Interfaz
19:45:40,693 (main) INFO  [uniandes.isis2304.hotelandes.interfazApp.InterfazHotelAndesApp] - Se aplica configuración indicada en el archivo de configuración
19:45:40,710 (main) INFO  [uniandes.isis2304.hotelandes.interfazApp.InterfazHotelAndesApp] - Se encontró un archivo de configuración válido: Tablas BD
19:45:44,488 (AWT-EventQueue-0) INFO  [uniandes.isis2304.hotelandes.negocio.HotelAndes] - Consultando Indice Ocupacion
19:50:18,944 (main) INFO  [uniandes.isis2304.hotelandes.interfazApp.InterfazHotelAndesApp] - Se encontró un archivo de configuración válido: Interfaz
19:50:18,944 (main) INFO  [uniandes.isis2304.hotelandes.interfazApp.InterfazHotelAndesApp] - Se aplica configuración indicada en el archivo de configuración
19:50:18,959 (main) INFO  [uniandes.isis2304.hotelandes.interfazApp.InterfazHotelAndesApp] - Se encontró un archivo de configuración válido: Tablas BD
19:50:25,485 (AWT-EventQueue-0) INFO  [uniandes.isis2304.hotelandes.negocio.HotelAndes] - Consultando Indice Ocupacion
19:53:00,131 (main) INFO  [uniandes.isis2304.hotelandes.interfazApp.InterfazHotelAndesApp] - Se encontró un archivo de configuración válido: Interfaz
19:53:00,131 (main) INFO  [uniandes.isis2304.hotelandes.interfazApp.InterfazHotelAndesApp] - Se aplica configuración indicada en el archivo de configuración
19:53:00,146 (main) INFO  [uniandes.isis2304.hotelandes.interfazApp.InterfazHotelAndesApp] - Se encontró un archivo de configuración válido: Tablas BD
19:53:04,275 (AWT-EventQueue-0) INFO  [uniandes.isis2304.hotelandes.negocio.HotelAndes] - Consultando Indice Ocupacion
19:53:53,576 (main) INFO  [uniandes.isis2304.hotelandes.interfazApp.InterfazHotelAndesApp] - Se encontró un archivo de configuración válido: Interfaz
19:53:53,577 (main) INFO  [uniandes.isis2304.hotelandes.interfazApp.InterfazHotelAndesApp] - Se aplica configuración indicada en el archivo de configuración
19:53:53,595 (main) INFO  [uniandes.isis2304.hotelandes.interfazApp.InterfazHotelAndesApp] - Se encontró un archivo de configuración válido: Tablas BD
19:53:57,227 (AWT-EventQueue-0) INFO  [uniandes.isis2304.hotelandes.negocio.HotelAndes] - Consultando Indice Ocupacion
19:59:46,449 (main) INFO  [uniandes.isis2304.hotelandes.interfazApp.InterfazHotelAndesApp] - Se encontró un archivo de configuración válido: Interfaz
19:59:46,449 (main) INFO  [uniandes.isis2304.hotelandes.interfazApp.InterfazHotelAndesApp] - Se aplica configuración indicada en el archivo de configuración
19:59:46,462 (main) INFO  [uniandes.isis2304.hotelandes.interfazApp.InterfazHotelAndesApp] - Se encontró un archivo de configuración válido: Tablas BD
19:59:51,599 (AWT-EventQueue-0) INFO  [uniandes.isis2304.hotelandes.negocio.HotelAndes] - Adicionando consumo: 1
19:59:51,655 (AWT-EventQueue-0) ERROR [uniandes.isis2304.hotelandes.persistencia.PersistenciaHotelAndes] - Exception : Error executing SQL query "SELECT Hotelandes_sequence.nextval FROM DUAL".
ORA-02289: sequence does not exist

19:59:51,658 (AWT-EventQueue-0) INFO  [uniandes.isis2304.hotelandes.negocio.HotelAndes] - Adicionando consumoa: null
19:59:59,665 (AWT-EventQueue-0) INFO  [uniandes.isis2304.hotelandes.negocio.HotelAndes] - Consultando Indice Ocupacion
20:03:06,377 (main) INFO  [uniandes.isis2304.hotelandes.interfazApp.InterfazHotelAndesApp] - Se encontró un archivo de configuración válido: Interfaz
20:03:06,378 (main) INFO  [uniandes.isis2304.hotelandes.interfazApp.InterfazHotelAndesApp] - Se aplica configuración indicada en el archivo de configuración
20:03:06,393 (main) INFO  [uniandes.isis2304.hotelandes.interfazApp.InterfazHotelAndesApp] - Se encontró un archivo de configuración válido: Tablas BD
20:03:12,014 (AWT-EventQueue-0) INFO  [uniandes.isis2304.hotelandes.negocio.HotelAndes] - Consultando Indice Ocupacion
20:05:55,274 (main) INFO  [uniandes.isis2304.hotelandes.interfazApp.InterfazHotelAndesApp] - Se encontró un archivo de configuración válido: Interfaz
20:05:55,275 (main) INFO  [uniandes.isis2304.hotelandes.interfazApp.InterfazHotelAndesApp] - Se aplica configuración indicada en el archivo de configuración
20:05:55,289 (main) INFO  [uniandes.isis2304.hotelandes.interfazApp.InterfazHotelAndesApp] - Se encontró un archivo de configuración válido: Tablas BD
20:05:59,711 (AWT-EventQueue-0) INFO  [uniandes.isis2304.hotelandes.negocio.HotelAndes] - Consultando Indice Ocupacion
20:06:39,728 (main) INFO  [uniandes.isis2304.hotelandes.interfazApp.InterfazHotelAndesApp] - Se encontró un archivo de configuración válido: Interfaz
20:06:39,728 (main) INFO  [uniandes.isis2304.hotelandes.interfazApp.InterfazHotelAndesApp] - Se aplica configuración indicada en el archivo de configuración
20:06:39,743 (main) INFO  [uniandes.isis2304.hotelandes.interfazApp.InterfazHotelAndesApp] - Se encontró un archivo de configuración válido: Tablas BD
20:06:44,182 (AWT-EventQueue-0) INFO  [uniandes.isis2304.hotelandes.negocio.HotelAndes] - Consultando Indice Ocupacion
20:06:44,242 (AWT-EventQueue-0) INFO  [uniandes.isis2304.hotelandes.negocio.HotelAndes] - Consultando Indice Ocupacion: 2 existentes
20:08:05,347 (main) INFO  [uniandes.isis2304.hotelandes.interfazApp.InterfazHotelAndesApp] - Se encontró un archivo de configuración válido: Interfaz
20:08:05,348 (main) INFO  [uniandes.isis2304.hotelandes.interfazApp.InterfazHotelAndesApp] - Se aplica configuración indicada en el archivo de configuración
20:08:05,361 (main) INFO  [uniandes.isis2304.hotelandes.interfazApp.InterfazHotelAndesApp] - Se encontró un archivo de configuración válido: Tablas BD
20:08:09,818 (AWT-EventQueue-0) INFO  [uniandes.isis2304.hotelandes.negocio.HotelAndes] - Consultando Indice Ocupacion
20:08:09,865 (AWT-EventQueue-0) INFO  [uniandes.isis2304.hotelandes.negocio.HotelAndes] - Consultando Indice Ocupacion: 2 existentes
20:10:47,849 (main) INFO  [uniandes.isis2304.hotelandes.interfazApp.InterfazHotelAndesApp] - Se encontró un archivo de configuración válido: Interfaz
20:10:47,850 (main) INFO  [uniandes.isis2304.hotelandes.interfazApp.InterfazHotelAndesApp] - Se aplica configuración indicada en el archivo de configuración
20:10:47,864 (main) INFO  [uniandes.isis2304.hotelandes.interfazApp.InterfazHotelAndesApp] - Se encontró un archivo de configuración válido: Tablas BD
20:10:51,469 (AWT-EventQueue-0) INFO  [uniandes.isis2304.hotelandes.negocio.HotelAndes] - Consultando Indice Ocupacion
20:10:51,533 (AWT-EventQueue-0) INFO  [uniandes.isis2304.hotelandes.negocio.HotelAndes] - Consultando Indice Ocupacion: 0 existentes
20:11:26,883 (main) INFO  [uniandes.isis2304.hotelandes.interfazApp.InterfazHotelAndesApp] - Se encontró un archivo de configuración válido: Interfaz
20:11:26,884 (main) INFO  [uniandes.isis2304.hotelandes.interfazApp.InterfazHotelAndesApp] - Se aplica configuración indicada en el archivo de configuración
20:11:26,899 (main) INFO  [uniandes.isis2304.hotelandes.interfazApp.InterfazHotelAndesApp] - Se encontró un archivo de configuración válido: Tablas BD
20:11:31,115 (AWT-EventQueue-0) INFO  [uniandes.isis2304.hotelandes.negocio.HotelAndes] - Consultando Indice Ocupacion
20:11:31,166 (AWT-EventQueue-0) INFO  [uniandes.isis2304.hotelandes.negocio.HotelAndes] - Consultando Indice Ocupacion: 0 existentes
20:12:46,494 (main) INFO  [uniandes.isis2304.hotelandes.interfazApp.InterfazHotelAndesApp] - Se encontró un archivo de configuración válido: Interfaz
20:12:46,495 (main) INFO  [uniandes.isis2304.hotelandes.interfazApp.InterfazHotelAndesApp] - Se aplica configuración indicada en el archivo de configuración
20:12:46,512 (main) INFO  [uniandes.isis2304.hotelandes.interfazApp.InterfazHotelAndesApp] - Se encontró un archivo de configuración válido: Tablas BD
20:12:51,394 (AWT-EventQueue-0) INFO  [uniandes.isis2304.hotelandes.negocio.HotelAndes] - Consultando Indice Ocupacion
20:12:51,447 (AWT-EventQueue-0) INFO  [uniandes.isis2304.hotelandes.negocio.HotelAndes] - Consultando Indice Ocupacion: 2 existentes
21:21:07,084 (main) INFO  [uniandes.isis2304.hotelandes.interfazApp.InterfazHotelAndesApp] - Se encontró un archivo de configuración válido: Interfaz
21:21:07,084 (main) INFO  [uniandes.isis2304.hotelandes.interfazApp.InterfazHotelAndesApp] - Se aplica configuración indicada en el archivo de configuración
21:21:07,097 (main) INFO  [uniandes.isis2304.hotelandes.interfazApp.InterfazHotelAndesApp] - Se encontró un archivo de configuración válido: Tablas BD
21:54:02,251 (main) INFO  [uniandes.isis2304.hotelandes.interfazApp.InterfazHotelAndesApp] - Se encontró un archivo de configuración válido: Interfaz
21:54:02,251 (main) INFO  [uniandes.isis2304.hotelandes.interfazApp.InterfazHotelAndesApp] - Se aplica configuración indicada en el archivo de configuración
21:54:02,273 (main) INFO  [uniandes.isis2304.hotelandes.interfazApp.InterfazHotelAndesApp] - Se encontró un archivo de configuración válido: Tablas BD
21:54:14,506 (AWT-EventQueue-0) INFO  [uniandes.isis2304.hotelandes.negocio.HotelAndes] - Consultando Indice Ocupacion
21:54:14,569 (AWT-EventQueue-0) INFO  [uniandes.isis2304.hotelandes.negocio.HotelAndes] - Consultando Indice Ocupacion: 2 existentes
21:54:17,851 (AWT-EventQueue-0) INFO  [uniandes.isis2304.hotelandes.negocio.HotelAndes] - Adicionando consumo: 2
21:54:17,879 (AWT-EventQueue-0) ERROR [uniandes.isis2304.hotelandes.persistencia.PersistenciaHotelAndes] - Exception : Error executing SQL query "SELECT Hotelandes_sequence.nextval FROM DUAL".
ORA-02289: sequence does not exist

21:54:17,880 (AWT-EventQueue-0) INFO  [uniandes.isis2304.hotelandes.negocio.HotelAndes] - Adicionando consumoa: null
21:32:40,950 (main) INFO  [uniandes.isis2304.hotelandes.interfazApp.InterfazHotelAndesApp] - Se encontró un archivo de configuración válido: Interfaz
21:32:40,951 (main) INFO  [uniandes.isis2304.hotelandes.interfazApp.InterfazHotelAndesApp] - Se aplica configuración indicada en el archivo de configuración
21:32:40,972 (main) INFO  [uniandes.isis2304.hotelandes.interfazApp.InterfazHotelAndesApp] - Se encontró un archivo de configuración válido: Tablas BD
21:33:04,397 (main) INFO  [uniandes.isis2304.hotelandes.interfazApp.InterfazHotelAndesApp] - Se encontró un archivo de configuración válido: Interfaz
21:33:04,397 (main) INFO  [uniandes.isis2304.hotelandes.interfazApp.InterfazHotelAndesApp] - Se aplica configuración indicada en el archivo de configuración
21:33:04,415 (main) INFO  [uniandes.isis2304.hotelandes.interfazApp.InterfazHotelAndesApp] - Se encontró un archivo de configuración válido: Tablas BD
21:33:30,316 (main) INFO  [uniandes.isis2304.hotelandes.interfazApp.InterfazHotelAndesApp] - Se encontró un archivo de configuración válido: Interfaz
21:33:30,316 (main) INFO  [uniandes.isis2304.hotelandes.interfazApp.InterfazHotelAndesApp] - Se aplica configuración indicada en el archivo de configuración
21:33:30,330 (main) INFO  [uniandes.isis2304.hotelandes.interfazApp.InterfazHotelAndesApp] - Se encontró un archivo de configuración válido: Tablas BD
21:45:37,635 (main) INFO  [uniandes.isis2304.hotelandes.interfazApp.InterfazHotelAndesApp] - Se encontró un archivo de configuración válido: Interfaz
21:45:37,636 (main) INFO  [uniandes.isis2304.hotelandes.interfazApp.InterfazHotelAndesApp] - Se aplica configuración indicada en el archivo de configuración
21:45:37,651 (main) INFO  [uniandes.isis2304.hotelandes.interfazApp.InterfazHotelAndesApp] - Se encontró un archivo de configuración válido: Tablas BD
21:56:34,229 (main) INFO  [uniandes.isis2304.hotelandes.interfazApp.InterfazHotelAndesApp] - Se encontró un archivo de configuración válido: Interfaz
21:56:34,230 (main) INFO  [uniandes.isis2304.hotelandes.interfazApp.InterfazHotelAndesApp] - Se aplica configuración indicada en el archivo de configuración
21:56:51,457 (main) INFO  [uniandes.isis2304.hotelandes.interfazApp.InterfazHotelAndesApp] - Se encontró un archivo de configuración válido: Tablas BD
21:58:41,855 (main) INFO  [uniandes.isis2304.hotelandes.interfazApp.InterfazHotelAndesApp] - Se encontró un archivo de configuración válido: Interfaz
21:58:41,855 (main) INFO  [uniandes.isis2304.hotelandes.interfazApp.InterfazHotelAndesApp] - Se aplica configuración indicada en el archivo de configuración
21:58:41,875 (main) INFO  [uniandes.isis2304.hotelandes.interfazApp.InterfazHotelAndesApp] - Se encontró un archivo de configuración válido: Tablas BD
21:58:54,922 (main) INFO  [uniandes.isis2304.hotelandes.negocio.HotelAndes] - Iniciando sesión
22:00:26,567 (main) INFO  [uniandes.isis2304.hotelandes.interfazApp.InterfazHotelAndesApp] - Se encontró un archivo de configuración válido: Interfaz
22:00:26,567 (main) INFO  [uniandes.isis2304.hotelandes.interfazApp.InterfazHotelAndesApp] - Se aplica configuración indicada en el archivo de configuración
22:00:26,587 (main) INFO  [uniandes.isis2304.hotelandes.interfazApp.InterfazHotelAndesApp] - Se encontró un archivo de configuración válido: Tablas BD
22:00:32,448 (main) INFO  [uniandes.isis2304.hotelandes.negocio.HotelAndes] - Iniciando sesión
22:01:05,308 (main) INFO  [uniandes.isis2304.hotelandes.interfazApp.InterfazHotelAndesApp] - Se encontró un archivo de configuración válido: Interfaz
22:01:05,309 (main) INFO  [uniandes.isis2304.hotelandes.interfazApp.InterfazHotelAndesApp] - Se aplica configuración indicada en el archivo de configuración
22:01:05,327 (main) INFO  [uniandes.isis2304.hotelandes.interfazApp.InterfazHotelAndesApp] - Se encontró un archivo de configuración válido: Tablas BD
22:01:11,824 (main) INFO  [uniandes.isis2304.hotelandes.negocio.HotelAndes] - Iniciando sesión
22:03:37,455 (main) INFO  [uniandes.isis2304.hotelandes.interfazApp.InterfazHotelAndesApp] - Se encontró un archivo de configuración válido: Interfaz
22:03:37,456 (main) INFO  [uniandes.isis2304.hotelandes.interfazApp.InterfazHotelAndesApp] - Se aplica configuración indicada en el archivo de configuración
22:03:37,472 (main) INFO  [uniandes.isis2304.hotelandes.interfazApp.InterfazHotelAndesApp] - Se encontró un archivo de configuración válido: Tablas BD
22:03:49,355 (main) INFO  [uniandes.isis2304.hotelandes.negocio.HotelAndes] - Iniciando sesión
22:10:49,938 (main) INFO  [uniandes.isis2304.hotelandes.interfazApp.InterfazHotelAndesApp] - Se encontró un archivo de configuración válido: Interfaz
22:10:49,939 (main) INFO  [uniandes.isis2304.hotelandes.interfazApp.InterfazHotelAndesApp] - Se aplica configuración indicada en el archivo de configuración
22:10:49,956 (main) INFO  [uniandes.isis2304.hotelandes.interfazApp.InterfazHotelAndesApp] - Se encontró un archivo de configuración válido: Tablas BD
22:10:58,633 (main) INFO  [uniandes.isis2304.hotelandes.negocio.HotelAndes] - Iniciando sesión
22:12:23,296 (main) INFO  [uniandes.isis2304.hotelandes.interfazApp.InterfazHotelAndesApp] - Se encontró un archivo de configuración válido: Interfaz
22:12:23,296 (main) INFO  [uniandes.isis2304.hotelandes.interfazApp.InterfazHotelAndesApp] - Se aplica configuración indicada en el archivo de configuración
22:12:23,313 (main) INFO  [uniandes.isis2304.hotelandes.interfazApp.InterfazHotelAndesApp] - Se encontró un archivo de configuración válido: Tablas BD
22:12:33,815 (main) INFO  [uniandes.isis2304.hotelandes.negocio.HotelAndes] - Iniciando sesión
22:13:38,303 (main) INFO  [uniandes.isis2304.hotelandes.interfazApp.InterfazHotelAndesApp] - Se encontró un archivo de configuración válido: Interfaz
22:13:38,304 (main) INFO  [uniandes.isis2304.hotelandes.interfazApp.InterfazHotelAndesApp] - Se aplica configuración indicada en el archivo de configuración
22:13:38,320 (main) INFO  [uniandes.isis2304.hotelandes.interfazApp.InterfazHotelAndesApp] - Se encontró un archivo de configuración válido: Tablas BD
22:13:46,250 (main) INFO  [uniandes.isis2304.hotelandes.negocio.HotelAndes] - Iniciando sesión
22:15:16,816 (main) INFO  [uniandes.isis2304.hotelandes.interfazApp.InterfazHotelAndesApp] - Se encontró un archivo de configuración válido: Interfaz
22:15:16,816 (main) INFO  [uniandes.isis2304.hotelandes.interfazApp.InterfazHotelAndesApp] - Se aplica configuración indicada en el archivo de configuración
22:15:16,833 (main) INFO  [uniandes.isis2304.hotelandes.interfazApp.InterfazHotelAndesApp] - Se encontró un archivo de configuración válido: Tablas BD
22:15:19,958 (main) INFO  [uniandes.isis2304.hotelandes.negocio.HotelAndes] - Iniciando sesión
22:15:36,669 (AWT-EventQueue-0) INFO  [uniandes.isis2304.hotelandes.negocio.HotelAndes] - Adicionando consumo: 1
22:15:36,710 (AWT-EventQueue-0) ERROR [uniandes.isis2304.hotelandes.persistencia.PersistenciaHotelAndes] - Exception : Error executing SQL query "SELECT Hotelandes_sequence.nextval FROM DUAL".
ORA-02289: sequence does not exist

22:15:36,712 (AWT-EventQueue-0) INFO  [uniandes.isis2304.hotelandes.negocio.HotelAndes] - Adicionando consumoa: null
22:15:44,582 (AWT-EventQueue-0) INFO  [uniandes.isis2304.hotelandes.negocio.HotelAndes] - Adicionando consumo: 2
22:15:44,604 (AWT-EventQueue-0) ERROR [uniandes.isis2304.hotelandes.persistencia.PersistenciaHotelAndes] - Exception : Error executing SQL query "SELECT Hotelandes_sequence.nextval FROM DUAL".
ORA-02289: sequence does not exist

22:15:44,604 (AWT-EventQueue-0) INFO  [uniandes.isis2304.hotelandes.negocio.HotelAndes] - Adicionando consumoa: null
22:16:04,611 (AWT-EventQueue-0) INFO  [uniandes.isis2304.hotelandes.negocio.HotelAndes] - Adicionando consumo: 1
22:16:04,635 (AWT-EventQueue-0) ERROR [uniandes.isis2304.hotelandes.persistencia.PersistenciaHotelAndes] - Exception : Error executing SQL query "SELECT Hotelandes_sequence.nextval FROM DUAL".
ORA-02289: sequence does not exist

22:16:04,635 (AWT-EventQueue-0) INFO  [uniandes.isis2304.hotelandes.negocio.HotelAndes] - Adicionando consumoa: null
22:20:12,258 (main) INFO  [uniandes.isis2304.hotelandes.interfazApp.InterfazHotelAndesApp] - Se encontró un archivo de configuración válido: Interfaz
22:20:12,259 (main) INFO  [uniandes.isis2304.hotelandes.interfazApp.InterfazHotelAndesApp] - Se aplica configuración indicada en el archivo de configuración
22:20:12,277 (main) INFO  [uniandes.isis2304.hotelandes.interfazApp.InterfazHotelAndesApp] - Se encontró un archivo de configuración válido: Tablas BD
22:20:25,621 (main) INFO  [uniandes.isis2304.hotelandes.negocio.HotelAndes] - Iniciando sesión
22:20:32,199 (AWT-EventQueue-0) INFO  [uniandes.isis2304.hotelandes.negocio.HotelAndes] - Adicionando consumo: 1
22:20:32,327 (AWT-EventQueue-0) INFO  [uniandes.isis2304.hotelandes.negocio.HotelAndes] - Adicionando consumoa: ServiceInvoice [id=21, idService=1, value=2.0, createdDate=2022-04-05 22:20:32.22, paidDate=null]
22:23:19,765 (main) INFO  [uniandes.isis2304.hotelandes.interfazApp.InterfazHotelAndesApp] - Se encontró un archivo de configuración válido: Interfaz
22:23:19,766 (main) INFO  [uniandes.isis2304.hotelandes.interfazApp.InterfazHotelAndesApp] - Se aplica configuración indicada en el archivo de configuración
22:23:19,783 (main) INFO  [uniandes.isis2304.hotelandes.interfazApp.InterfazHotelAndesApp] - Se encontró un archivo de configuración válido: Tablas BD
22:23:31,766 (main) INFO  [uniandes.isis2304.hotelandes.negocio.HotelAndes] - Iniciando sesión
22:24:14,711 (main) INFO  [uniandes.isis2304.hotelandes.interfazApp.InterfazHotelAndesApp] - Se encontró un archivo de configuración válido: Interfaz
22:24:14,711 (main) INFO  [uniandes.isis2304.hotelandes.interfazApp.InterfazHotelAndesApp] - Se aplica configuración indicada en el archivo de configuración
22:24:14,729 (main) INFO  [uniandes.isis2304.hotelandes.interfazApp.InterfazHotelAndesApp] - Se encontró un archivo de configuración válido: Tablas BD
22:24:26,738 (main) INFO  [uniandes.isis2304.hotelandes.negocio.HotelAndes] - Iniciando sesión
22:25:01,676 (main) INFO  [uniandes.isis2304.hotelandes.interfazApp.InterfazHotelAndesApp] - Se encontró un archivo de configuración válido: Interfaz
22:25:01,676 (main) INFO  [uniandes.isis2304.hotelandes.interfazApp.InterfazHotelAndesApp] - Se aplica configuración indicada en el archivo de configuración
22:25:01,694 (main) INFO  [uniandes.isis2304.hotelandes.interfazApp.InterfazHotelAndesApp] - Se encontró un archivo de configuración válido: Tablas BD
22:25:09,031 (main) INFO  [uniandes.isis2304.hotelandes.negocio.HotelAndes] - Iniciando sesión
22:25:40,736 (main) INFO  [uniandes.isis2304.hotelandes.interfazApp.InterfazHotelAndesApp] - Se encontró un archivo de configuración válido: Interfaz
22:25:40,737 (main) INFO  [uniandes.isis2304.hotelandes.interfazApp.InterfazHotelAndesApp] - Se aplica configuración indicada en el archivo de configuración
22:25:40,756 (main) INFO  [uniandes.isis2304.hotelandes.interfazApp.InterfazHotelAndesApp] - Se encontró un archivo de configuración válido: Tablas BD
22:25:56,021 (main) INFO  [uniandes.isis2304.hotelandes.negocio.HotelAndes] - Iniciando sesión
22:28:12,269 (main) INFO  [uniandes.isis2304.hotelandes.interfazApp.InterfazHotelAndesApp] - Se encontró un archivo de configuración válido: Interfaz
22:28:12,269 (main) INFO  [uniandes.isis2304.hotelandes.interfazApp.InterfazHotelAndesApp] - Se aplica configuración indicada en el archivo de configuración
22:28:12,285 (main) INFO  [uniandes.isis2304.hotelandes.interfazApp.InterfazHotelAndesApp] - Se encontró un archivo de configuración válido: Tablas BD
22:28:29,771 (main) INFO  [uniandes.isis2304.hotelandes.negocio.HotelAndes] - Iniciando sesión
22:28:29,824 (main) INFO  [uniandes.isis2304.hotelandes.negocio.HotelAndes] - Iniciando sesión: CLIENT existentes
22:30:05,439 (main) INFO  [uniandes.isis2304.hotelandes.interfazApp.InterfazHotelAndesApp] - Se encontró un archivo de configuración válido: Interfaz
22:30:05,439 (main) INFO  [uniandes.isis2304.hotelandes.interfazApp.InterfazHotelAndesApp] - Se aplica configuración indicada en el archivo de configuración
22:30:05,460 (main) INFO  [uniandes.isis2304.hotelandes.interfazApp.InterfazHotelAndesApp] - Se encontró un archivo de configuración válido: Tablas BD
22:30:47,214 (main) INFO  [uniandes.isis2304.hotelandes.interfazApp.InterfazHotelAndesApp] - Se encontró un archivo de configuración válido: Interfaz
22:30:47,214 (main) INFO  [uniandes.isis2304.hotelandes.interfazApp.InterfazHotelAndesApp] - Se aplica configuración indicada en el archivo de configuración
22:30:47,234 (main) INFO  [uniandes.isis2304.hotelandes.interfazApp.InterfazHotelAndesApp] - Se encontró un archivo de configuración válido: Tablas BD
22:30:58,652 (main) INFO  [uniandes.isis2304.hotelandes.negocio.HotelAndes] - Iniciando sesión
22:30:58,704 (main) INFO  [uniandes.isis2304.hotelandes.negocio.HotelAndes] - Iniciando sesión: La contraseña no es correcta existentes
22:32:09,679 (main) INFO  [uniandes.isis2304.hotelandes.interfazApp.InterfazHotelAndesApp] - Se encontró un archivo de configuración válido: Interfaz
22:32:09,680 (main) INFO  [uniandes.isis2304.hotelandes.interfazApp.InterfazHotelAndesApp] - Se aplica configuración indicada en el archivo de configuración
22:32:09,698 (main) INFO  [uniandes.isis2304.hotelandes.interfazApp.InterfazHotelAndesApp] - Se encontró un archivo de configuración válido: Tablas BD
22:32:20,111 (main) INFO  [uniandes.isis2304.hotelandes.negocio.HotelAndes] - Iniciando sesión
22:32:20,164 (main) INFO  [uniandes.isis2304.hotelandes.negocio.HotelAndes] - Iniciando sesión: La contraseña no es correcta existentes
22:32:27,984 (main) INFO  [uniandes.isis2304.hotelandes.negocio.HotelAndes] - Iniciando sesión
22:32:28,000 (main) INFO  [uniandes.isis2304.hotelandes.negocio.HotelAndes] - Iniciando sesión: La contraseña no es correcta existentes
22:33:36,698 (main) INFO  [uniandes.isis2304.hotelandes.negocio.HotelAndes] - Iniciando sesión
22:33:36,720 (main) INFO  [uniandes.isis2304.hotelandes.negocio.HotelAndes] - Iniciando sesión: CLIENT existentes
22:35:26,784 (main) INFO  [uniandes.isis2304.hotelandes.interfazApp.InterfazHotelAndesApp] - Se encontró un archivo de configuración válido: Interfaz
22:35:26,784 (main) INFO  [uniandes.isis2304.hotelandes.interfazApp.InterfazHotelAndesApp] - Se aplica configuración indicada en el archivo de configuración
22:35:26,802 (main) INFO  [uniandes.isis2304.hotelandes.interfazApp.InterfazHotelAndesApp] - Se encontró un archivo de configuración válido: Tablas BD
22:36:49,241 (main) INFO  [uniandes.isis2304.hotelandes.interfazApp.InterfazHotelAndesApp] - Se encontró un archivo de configuración válido: Interfaz
22:36:49,242 (main) INFO  [uniandes.isis2304.hotelandes.interfazApp.InterfazHotelAndesApp] - Se aplica configuración indicada en el archivo de configuración
22:36:49,261 (main) INFO  [uniandes.isis2304.hotelandes.interfazApp.InterfazHotelAndesApp] - Se encontró un archivo de configuración válido: Tablas BD
22:36:57,612 (AWT-EventQueue-0) INFO  [uniandes.isis2304.hotelandes.negocio.HotelAndes] - Iniciando sesión
22:37:06,153 (AWT-EventQueue-0) INFO  [uniandes.isis2304.hotelandes.negocio.HotelAndes] - Iniciando sesión
22:37:26,731 (AWT-EventQueue-0) INFO  [uniandes.isis2304.hotelandes.negocio.HotelAndes] - Iniciando sesión
22:37:26,750 (AWT-EventQueue-0) INFO  [uniandes.isis2304.hotelandes.negocio.HotelAndes] - Iniciando sesión: CLIENT existentes
22:41:47,535 (main) INFO  [uniandes.isis2304.hotelandes.interfazApp.InterfazHotelAndesApp] - Se encontró un archivo de configuración válido: Interfaz
22:41:47,536 (main) INFO  [uniandes.isis2304.hotelandes.interfazApp.InterfazHotelAndesApp] - Se aplica configuración indicada en el archivo de configuración
22:41:47,555 (main) INFO  [uniandes.isis2304.hotelandes.interfazApp.InterfazHotelAndesApp] - Se encontró un archivo de configuración válido: Tablas BD
22:42:21,241 (AWT-EventQueue-0) INFO  [uniandes.isis2304.hotelandes.negocio.HotelAndes] - Iniciando sesión
22:42:21,292 (AWT-EventQueue-0) INFO  [uniandes.isis2304.hotelandes.negocio.HotelAndes] - Iniciando sesión: CLIENT existentes
22:43:07,541 (main) INFO  [uniandes.isis2304.hotelandes.interfazApp.InterfazHotelAndesApp] - Se encontró un archivo de configuración válido: Interfaz
22:43:07,542 (main) INFO  [uniandes.isis2304.hotelandes.interfazApp.InterfazHotelAndesApp] - Se aplica configuración indicada en el archivo de configuración
22:43:07,560 (main) INFO  [uniandes.isis2304.hotelandes.interfazApp.InterfazHotelAndesApp] - Se encontró un archivo de configuración válido: Tablas BD
22:43:21,461 (main) INFO  [uniandes.isis2304.hotelandes.negocio.HotelAndes] - Iniciando sesión
22:43:21,515 (main) INFO  [uniandes.isis2304.hotelandes.negocio.HotelAndes] - Iniciando sesión: La contraseña no es correcta existentes
22:43:38,820 (AWT-EventQueue-0) INFO  [uniandes.isis2304.hotelandes.negocio.HotelAndes] - Iniciando sesión
22:43:38,839 (AWT-EventQueue-0) INFO  [uniandes.isis2304.hotelandes.negocio.HotelAndes] - Iniciando sesión: EMPLOYEE existentes
22:43:48,669 (AWT-EventQueue-0) INFO  [uniandes.isis2304.hotelandes.negocio.HotelAndes] - Adicionando consumo: 1
22:43:48,793 (AWT-EventQueue-0) INFO  [uniandes.isis2304.hotelandes.negocio.HotelAndes] - Adicionando consumoa: ServiceInvoice [id=22, idService=1, value=23.0, createdDate=2022-04-05 22:43:48.688, paidDate=null]
22:47:57,632 (main) INFO  [uniandes.isis2304.hotelandes.interfazApp.InterfazHotelAndesApp] - Se encontró un archivo de configuración válido: Interfaz
22:47:57,633 (main) INFO  [uniandes.isis2304.hotelandes.interfazApp.InterfazHotelAndesApp] - Se aplica configuración indicada en el archivo de configuración
22:47:57,651 (main) INFO  [uniandes.isis2304.hotelandes.interfazApp.InterfazHotelAndesApp] - Se encontró un archivo de configuración válido: Tablas BD
22:48:20,070 (main) INFO  [uniandes.isis2304.hotelandes.negocio.HotelAndes] - Iniciando sesión
22:48:20,130 (main) INFO  [uniandes.isis2304.hotelandes.negocio.HotelAndes] - Iniciando sesión: CLIENT existentes
22:48:41,490 (AWT-EventQueue-0) INFO  [uniandes.isis2304.hotelandes.negocio.HotelAndes] - Iniciando sesión
22:48:41,511 (AWT-EventQueue-0) INFO  [uniandes.isis2304.hotelandes.negocio.HotelAndes] - Iniciando sesión: La contraseña no es correcta existentes
22:48:51,101 (AWT-EventQueue-0) INFO  [uniandes.isis2304.hotelandes.negocio.HotelAndes] - Iniciando sesión
22:48:51,120 (AWT-EventQueue-0) INFO  [uniandes.isis2304.hotelandes.negocio.HotelAndes] - Iniciando sesión: La contraseña no es correcta existentes
22:49:05,505 (AWT-EventQueue-0) INFO  [uniandes.isis2304.hotelandes.negocio.HotelAndes] - Iniciando sesión
22:49:05,523 (AWT-EventQueue-0) INFO  [uniandes.isis2304.hotelandes.negocio.HotelAndes] - Iniciando sesión: EMPLOYEE existentes
23:32:19,918 (main) INFO  [uniandes.isis2304.hotelandes.interfazApp.InterfazHotelAndesApp] - Se encontró un archivo de configuración válido: Interfaz
23:32:19,918 (main) INFO  [uniandes.isis2304.hotelandes.interfazApp.InterfazHotelAndesApp] - Se aplica configuración indicada en el archivo de configuración
23:32:19,934 (main) INFO  [uniandes.isis2304.hotelandes.interfazApp.InterfazHotelAndesApp] - Se encontró un archivo de configuración válido: Tablas BD
10:01:08,417 (main) INFO  [uniandes.isis2304.hotelandes.interfazApp.InterfazHotelAndesApp] - Se encontró un archivo de configuración válido: Interfaz
10:01:08,428 (main) INFO  [uniandes.isis2304.hotelandes.interfazApp.InterfazHotelAndesApp] - Se aplica configuración indicada en el archivo de configuración
10:01:08,443 (main) INFO  [uniandes.isis2304.hotelandes.interfazApp.InterfazHotelAndesApp] - Se encontró un archivo de configuración válido: Tablas BD
10:01:43,318 (main) INFO  [uniandes.isis2304.hotelandes.negocio.HotelAndes] - Iniciando sesión
10:01:43,392 (main) INFO  [uniandes.isis2304.hotelandes.negocio.HotelAndes] - Iniciando sesión: CLIENT existentes
10:04:00,553 (main) INFO  [uniandes.isis2304.hotelandes.interfazApp.InterfazHotelAndesApp] - Se encontró un archivo de configuración válido: Interfaz
10:04:00,554 (main) INFO  [uniandes.isis2304.hotelandes.interfazApp.InterfazHotelAndesApp] - Se aplica configuración indicada en el archivo de configuración
10:04:00,571 (main) INFO  [uniandes.isis2304.hotelandes.interfazApp.InterfazHotelAndesApp] - Se encontró un archivo de configuración válido: Tablas BD
10:04:13,939 (main) INFO  [uniandes.isis2304.hotelandes.negocio.HotelAndes] - Iniciando sesión
10:04:14,019 (main) INFO  [uniandes.isis2304.hotelandes.negocio.HotelAndes] - Iniciando sesión: CLIENT existentes
10:04:24,688 (AWT-EventQueue-0) INFO  [uniandes.isis2304.hotelandes.negocio.HotelAndes] - Consultando disponibilidad
10:05:28,933 (main) INFO  [uniandes.isis2304.hotelandes.interfazApp.InterfazHotelAndesApp] - Se encontró un archivo de configuración válido: Interfaz
10:05:28,934 (main) INFO  [uniandes.isis2304.hotelandes.interfazApp.InterfazHotelAndesApp] - Se aplica configuración indicada en el archivo de configuración
10:05:28,948 (main) INFO  [uniandes.isis2304.hotelandes.interfazApp.InterfazHotelAndesApp] - Se encontró un archivo de configuración válido: Tablas BD
10:05:39,781 (main) INFO  [uniandes.isis2304.hotelandes.negocio.HotelAndes] - Iniciando sesión
10:05:39,839 (main) INFO  [uniandes.isis2304.hotelandes.negocio.HotelAndes] - Iniciando sesión: CLIENT existentes
10:05:53,393 (AWT-EventQueue-0) INFO  [uniandes.isis2304.hotelandes.negocio.HotelAndes] - Consultando disponibilidad
10:06:02,747 (AWT-EventQueue-0) INFO  [uniandes.isis2304.hotelandes.negocio.HotelAndes] - Registrando booking: 1
10:06:02,779 (AWT-EventQueue-0) ERROR [uniandes.isis2304.hotelandes.persistencia.PersistenciaHotelAndes] - Exception : Cannot invoke "uniandes.isis2304.hotelandes.persistencia.SQLBooking.registrarBooking(javax.jdo.PersistenceManager, long, long, long, int, int, String, double, int, double, double, String, double, java.util.Date, boolean, java.sql.Timestamp, java.sql.Timestamp)" because "this.sqlBooking" is null

10:06:02,782 (AWT-EventQueue-0) INFO  [uniandes.isis2304.hotelandes.negocio.HotelAndes] - Booking realizado: null
10:07:31,188 (main) INFO  [uniandes.isis2304.hotelandes.interfazApp.InterfazHotelAndesApp] - Se encontró un archivo de configuración válido: Interfaz
10:07:31,189 (main) INFO  [uniandes.isis2304.hotelandes.interfazApp.InterfazHotelAndesApp] - Se aplica configuración indicada en el archivo de configuración
10:07:31,207 (main) INFO  [uniandes.isis2304.hotelandes.interfazApp.InterfazHotelAndesApp] - Se encontró un archivo de configuración válido: Tablas BD
10:07:36,681 (main) INFO  [uniandes.isis2304.hotelandes.negocio.HotelAndes] - Iniciando sesión
10:07:36,744 (main) INFO  [uniandes.isis2304.hotelandes.negocio.HotelAndes] - Iniciando sesión: CLIENT existentes
10:07:46,791 (AWT-EventQueue-0) INFO  [uniandes.isis2304.hotelandes.negocio.HotelAndes] - Consultando disponibilidad
10:07:55,194 (AWT-EventQueue-0) INFO  [uniandes.isis2304.hotelandes.negocio.HotelAndes] - Registrando booking: 1
10:07:55,337 (AWT-EventQueue-0) ERROR [uniandes.isis2304.hotelandes.persistencia.PersistenciaHotelAndes] - Exception : Error executing SQL query "INSERT INTO A_FOODPRODUCT(IDBOOKING, DOCUMENTUSER, CHECKINDATE, CHECKINMADE, CHECKOUTDATE, CHECKOUTMADE) values (?, ?, ?, ?, ?, ?)".
ORA-00904: "CHECKOUTMADE": invalid identifier

10:07:55,350 (AWT-EventQueue-0) INFO  [uniandes.isis2304.hotelandes.negocio.HotelAndes] - Booking realizado: null
10:09:46,878 (main) INFO  [uniandes.isis2304.hotelandes.interfazApp.InterfazHotelAndesApp] - Se encontró un archivo de configuración válido: Interfaz
10:09:46,879 (main) INFO  [uniandes.isis2304.hotelandes.interfazApp.InterfazHotelAndesApp] - Se aplica configuración indicada en el archivo de configuración
10:09:46,893 (main) INFO  [uniandes.isis2304.hotelandes.interfazApp.InterfazHotelAndesApp] - Se encontró un archivo de configuración válido: Tablas BD
10:09:54,486 (main) INFO  [uniandes.isis2304.hotelandes.negocio.HotelAndes] - Iniciando sesión
10:09:54,538 (main) INFO  [uniandes.isis2304.hotelandes.negocio.HotelAndes] - Iniciando sesión: CLIENT existentes
10:10:02,560 (AWT-EventQueue-0) INFO  [uniandes.isis2304.hotelandes.negocio.HotelAndes] - Consultando disponibilidad
10:10:09,743 (AWT-EventQueue-0) INFO  [uniandes.isis2304.hotelandes.negocio.HotelAndes] - Registrando booking: 1
10:10:09,880 (AWT-EventQueue-0) ERROR [uniandes.isis2304.hotelandes.persistencia.PersistenciaHotelAndes] - Exception : Error executing SQL query "INSERT INTO A_CHECKINOUT(IDBOOKING, DOCUMENTUSER, CHECKINDATE, CHECKINMADE, CHECKOUTDATE, CHECKOUTMADE) values (?, ?, ?, ?, ?, ?)".
ORA-02291: integrity constraint (ISIS2304C17202210.FK_C_USER) violated - parent key not found

10:10:09,893 (AWT-EventQueue-0) INFO  [uniandes.isis2304.hotelandes.negocio.HotelAndes] - Booking realizado: null
10:14:06,471 (main) INFO  [uniandes.isis2304.hotelandes.interfazApp.InterfazHotelAndesApp] - Se encontró un archivo de configuración válido: Interfaz
10:14:06,471 (main) INFO  [uniandes.isis2304.hotelandes.interfazApp.InterfazHotelAndesApp] - Se aplica configuración indicada en el archivo de configuración
10:14:06,485 (main) INFO  [uniandes.isis2304.hotelandes.interfazApp.InterfazHotelAndesApp] - Se encontró un archivo de configuración válido: Tablas BD
10:14:21,767 (main) INFO  [uniandes.isis2304.hotelandes.negocio.HotelAndes] - Iniciando sesión
10:14:21,818 (main) INFO  [uniandes.isis2304.hotelandes.negocio.HotelAndes] - Iniciando sesión: CLIENT existentes
10:14:42,683 (AWT-EventQueue-0) INFO  [uniandes.isis2304.hotelandes.negocio.HotelAndes] - Consultando disponibilidad
10:14:50,007 (AWT-EventQueue-0) INFO  [uniandes.isis2304.hotelandes.negocio.HotelAndes] - Registrando booking: 1
10:14:50,124 (AWT-EventQueue-0) ERROR [uniandes.isis2304.hotelandes.persistencia.PersistenciaHotelAndes] - Exception : Error executing SQL query "INSERT INTO A_BOOKING(ID, IDROOM, NUMBEROFADULTS, NUMBEROFCHILDREN, 'TYPE', BASEPRICE, MINREQUIREDNIGHTS, ACCOMODATIONPRICE, ACCOMMODATIONDISCOUNT, PAYMENTPLAN, TOTALVALUE, PAIDDATE, PAID) values (?, ?, ?, ?, ?, ?, ?, ?, ?, ?, ?, ?, ?)".
ORA-01747: invalid user.table.column, table.column, or column specification

10:14:50,136 (AWT-EventQueue-0) INFO  [uniandes.isis2304.hotelandes.negocio.HotelAndes] - Booking realizado: null
10:16:04,148 (main) INFO  [uniandes.isis2304.hotelandes.interfazApp.InterfazHotelAndesApp] - Se encontró un archivo de configuración válido: Interfaz
10:16:04,148 (main) INFO  [uniandes.isis2304.hotelandes.interfazApp.InterfazHotelAndesApp] - Se aplica configuración indicada en el archivo de configuración
10:16:04,163 (main) INFO  [uniandes.isis2304.hotelandes.interfazApp.InterfazHotelAndesApp] - Se encontró un archivo de configuración válido: Tablas BD
10:16:10,599 (main) INFO  [uniandes.isis2304.hotelandes.negocio.HotelAndes] - Iniciando sesión
10:16:10,650 (main) INFO  [uniandes.isis2304.hotelandes.negocio.HotelAndes] - Iniciando sesión: CLIENT existentes
10:16:35,740 (AWT-EventQueue-0) INFO  [uniandes.isis2304.hotelandes.negocio.HotelAndes] - Consultando disponibilidad
10:16:41,047 (AWT-EventQueue-0) INFO  [uniandes.isis2304.hotelandes.negocio.HotelAndes] - Registrando booking: 1
10:16:41,191 (AWT-EventQueue-0) ERROR [uniandes.isis2304.hotelandes.persistencia.PersistenciaHotelAndes] - Exception : Error executing SQL query "INSERT INTO A_CHECKINOUT(IDBOOKING, DOCUMENTUSER, CHECKINDATE, CHECKINMADE, CHECKOUTDATE, CHECKOUTMADE) values (?, ?, ?, ?, ?, ?)".
ORA-02291: integrity constraint (ISIS2304C17202210.FK_C_USER) violated - parent key not found

10:16:41,205 (AWT-EventQueue-0) INFO  [uniandes.isis2304.hotelandes.negocio.HotelAndes] - Booking realizado: null
10:20:08,950 (main) INFO  [uniandes.isis2304.hotelandes.interfazApp.InterfazHotelAndesApp] - Se encontró un archivo de configuración válido: Interfaz
10:20:08,950 (main) INFO  [uniandes.isis2304.hotelandes.interfazApp.InterfazHotelAndesApp] - Se aplica configuración indicada en el archivo de configuración
10:20:08,965 (main) INFO  [uniandes.isis2304.hotelandes.interfazApp.InterfazHotelAndesApp] - Se encontró un archivo de configuración válido: Tablas BD
10:20:17,173 (main) INFO  [uniandes.isis2304.hotelandes.negocio.HotelAndes] - Iniciando sesión
10:20:17,223 (main) INFO  [uniandes.isis2304.hotelandes.negocio.HotelAndes] - Iniciando sesión: CLIENT existentes
10:20:31,288 (AWT-EventQueue-0) INFO  [uniandes.isis2304.hotelandes.negocio.HotelAndes] - Consultando disponibilidad
10:20:36,744 (AWT-EventQueue-0) INFO  [uniandes.isis2304.hotelandes.negocio.HotelAndes] - Registrando booking: 1
10:20:36,899 (AWT-EventQueue-0) ERROR [uniandes.isis2304.hotelandes.persistencia.PersistenciaHotelAndes] - Exception : Error executing SQL query "INSERT INTO A_CHECKINOUT(IDBOOKING, DOCUMENTUSER, CHECKINDATE, CHECKINMADE, CHECKOUTDATE, CHECKOUTMADE) values (?, ?, ?, ?, ?, ?)".
ORA-02291: integrity constraint (ISIS2304C17202210.FK_C_USER) violated - parent key not found

10:20:36,916 (AWT-EventQueue-0) INFO  [uniandes.isis2304.hotelandes.negocio.HotelAndes] - Booking realizado: null
10:24:10,912 (main) INFO  [uniandes.isis2304.hotelandes.interfazApp.InterfazHotelAndesApp] - Se encontró un archivo de configuración válido: Interfaz
10:24:10,912 (main) INFO  [uniandes.isis2304.hotelandes.interfazApp.InterfazHotelAndesApp] - Se aplica configuración indicada en el archivo de configuración
10:24:10,928 (main) INFO  [uniandes.isis2304.hotelandes.interfazApp.InterfazHotelAndesApp] - Se encontró un archivo de configuración válido: Tablas BD
10:24:17,280 (main) INFO  [uniandes.isis2304.hotelandes.negocio.HotelAndes] - Iniciando sesión
10:24:17,333 (main) INFO  [uniandes.isis2304.hotelandes.negocio.HotelAndes] - Iniciando sesión: CLIENT existentes
10:24:25,443 (AWT-EventQueue-0) INFO  [uniandes.isis2304.hotelandes.negocio.HotelAndes] - Consultando disponibilidad
10:24:32,305 (AWT-EventQueue-0) INFO  [uniandes.isis2304.hotelandes.negocio.HotelAndes] - Registrando booking: 1
10:24:32,478 (AWT-EventQueue-0) INFO  [uniandes.isis2304.hotelandes.negocio.HotelAndes] - Booking realizado: uniandes.isis2304.hotelandes.negocio.Booking@5aec6c63
10:24:48,398 (AWT-EventQueue-0) INFO  [uniandes.isis2304.hotelandes.negocio.HotelAndes] - Consultando disponibilidad
10:32:36,323 (main) INFO  [uniandes.isis2304.hotelandes.interfazApp.InterfazHotelAndesApp] - Se encontró un archivo de configuración válido: Interfaz
10:32:36,324 (main) INFO  [uniandes.isis2304.hotelandes.interfazApp.InterfazHotelAndesApp] - Se aplica configuración indicada en el archivo de configuración
10:32:36,340 (main) INFO  [uniandes.isis2304.hotelandes.interfazApp.InterfazHotelAndesApp] - Se encontró un archivo de configuración válido: Tablas BD
10:32:52,670 (main) INFO  [uniandes.isis2304.hotelandes.negocio.HotelAndes] - Iniciando sesión
10:32:52,725 (main) INFO  [uniandes.isis2304.hotelandes.negocio.HotelAndes] - Iniciando sesión: CLIENT existentes
10:33:02,848 (AWT-EventQueue-0) INFO  [uniandes.isis2304.hotelandes.negocio.HotelAndes] - Consultando disponibilidad
10:38:28,544 (main) INFO  [uniandes.isis2304.hotelandes.interfazApp.InterfazHotelAndesApp] - Se encontró un archivo de configuración válido: Interfaz
10:38:28,545 (main) INFO  [uniandes.isis2304.hotelandes.interfazApp.InterfazHotelAndesApp] - Se aplica configuración indicada en el archivo de configuración
10:38:28,557 (main) INFO  [uniandes.isis2304.hotelandes.interfazApp.InterfazHotelAndesApp] - Se encontró un archivo de configuración válido: Tablas BD
10:38:41,972 (main) INFO  [uniandes.isis2304.hotelandes.negocio.HotelAndes] - Iniciando sesión
10:38:42,023 (main) INFO  [uniandes.isis2304.hotelandes.negocio.HotelAndes] - Iniciando sesión: CLIENT existentes
10:38:50,938 (AWT-EventQueue-0) INFO  [uniandes.isis2304.hotelandes.negocio.HotelAndes] - Consultando disponibilidad
10:39:01,627 (AWT-EventQueue-0) INFO  [uniandes.isis2304.hotelandes.negocio.HotelAndes] - Registrando booking: 1
10:39:01,783 (AWT-EventQueue-0) INFO  [uniandes.isis2304.hotelandes.negocio.HotelAndes] - Booking realizado: uniandes.isis2304.hotelandes.negocio.Booking@41a17d1f
10:39:15,927 (AWT-EventQueue-0) INFO  [uniandes.isis2304.hotelandes.negocio.HotelAndes] - Consultando disponibilidad
10:42:44,982 (main) INFO  [uniandes.isis2304.hotelandes.interfazApp.InterfazHotelAndesApp] - Se encontró un archivo de configuración válido: Interfaz
10:42:44,983 (main) INFO  [uniandes.isis2304.hotelandes.interfazApp.InterfazHotelAndesApp] - Se aplica configuración indicada en el archivo de configuración
10:42:44,998 (main) INFO  [uniandes.isis2304.hotelandes.interfazApp.InterfazHotelAndesApp] - Se encontró un archivo de configuración válido: Tablas BD
10:42:52,808 (main) INFO  [uniandes.isis2304.hotelandes.negocio.HotelAndes] - Iniciando sesión
10:42:52,864 (main) INFO  [uniandes.isis2304.hotelandes.negocio.HotelAndes] - Iniciando sesión: CLIENT existentes
10:46:43,244 (main) INFO  [uniandes.isis2304.hotelandes.interfazApp.InterfazHotelAndesApp] - Se encontró un archivo de configuración válido: Interfaz
10:46:43,245 (main) INFO  [uniandes.isis2304.hotelandes.interfazApp.InterfazHotelAndesApp] - Se aplica configuración indicada en el archivo de configuración
10:46:43,257 (main) INFO  [uniandes.isis2304.hotelandes.interfazApp.InterfazHotelAndesApp] - Se encontró un archivo de configuración válido: Tablas BD
10:46:49,861 (main) INFO  [uniandes.isis2304.hotelandes.negocio.HotelAndes] - Iniciando sesión
10:46:49,912 (main) INFO  [uniandes.isis2304.hotelandes.negocio.HotelAndes] - Iniciando sesión: CLIENT existentes
10:51:07,925 (main) INFO  [uniandes.isis2304.hotelandes.interfazApp.InterfazHotelAndesApp] - Se encontró un archivo de configuración válido: Interfaz
10:51:07,925 (main) INFO  [uniandes.isis2304.hotelandes.interfazApp.InterfazHotelAndesApp] - Se aplica configuración indicada en el archivo de configuración
10:51:07,939 (main) INFO  [uniandes.isis2304.hotelandes.interfazApp.InterfazHotelAndesApp] - Se encontró un archivo de configuración válido: Tablas BD
10:51:25,238 (main) INFO  [uniandes.isis2304.hotelandes.negocio.HotelAndes] - Iniciando sesión
10:51:25,301 (main) INFO  [uniandes.isis2304.hotelandes.negocio.HotelAndes] - Iniciando sesión: CLIENT existentes
10:51:52,216 (AWT-EventQueue-0) INFO  [uniandes.isis2304.hotelandes.negocio.HotelAndes] - Adicionando reserva: 812941840
10:51:52,236 (AWT-EventQueue-0) ERROR [uniandes.isis2304.hotelandes.persistencia.PersistenciaHotelAndes] - Exception : Cannot invoke "uniandes.isis2304.hotelandes.persistencia.SQLReservation.adicionarReserva(javax.jdo.PersistenceManager, long, long, long, int, int, java.sql.Timestamp)" because "this.sqlReservation" is null

10:51:52,238 (AWT-EventQueue-0) INFO  [uniandes.isis2304.hotelandes.negocio.HotelAndes] - Adicionando reserva: 812941840
10:53:06,180 (main) INFO  [uniandes.isis2304.hotelandes.interfazApp.InterfazHotelAndesApp] - Se encontró un archivo de configuración válido: Interfaz
10:53:06,181 (main) INFO  [uniandes.isis2304.hotelandes.interfazApp.InterfazHotelAndesApp] - Se aplica configuración indicada en el archivo de configuración
10:53:06,196 (main) INFO  [uniandes.isis2304.hotelandes.interfazApp.InterfazHotelAndesApp] - Se encontró un archivo de configuración válido: Tablas BD
10:53:10,944 (main) INFO  [uniandes.isis2304.hotelandes.negocio.HotelAndes] - Iniciando sesión
10:53:11,005 (main) INFO  [uniandes.isis2304.hotelandes.negocio.HotelAndes] - Iniciando sesión: CLIENT existentes
10:53:41,159 (AWT-EventQueue-0) INFO  [uniandes.isis2304.hotelandes.negocio.HotelAndes] - Adicionando reserva: 812941840
10:53:41,327 (AWT-EventQueue-0) ERROR [uniandes.isis2304.hotelandes.persistencia.PersistenciaHotelAndes] - Exception : Error executing SQL query "INSERT INTO A_RESERVATION(id, idService, documentUser, numberofGuests, duration, date) values (?, ?, ?, ?, ?, ?)".
ORA-01747: invalid user.table.column, table.column, or column specification

10:53:41,340 (AWT-EventQueue-0) INFO  [uniandes.isis2304.hotelandes.negocio.HotelAndes] - Adicionando reserva: 812941840
10:56:35,297 (main) INFO  [uniandes.isis2304.hotelandes.interfazApp.InterfazHotelAndesApp] - Se encontró un archivo de configuración válido: Interfaz
10:56:35,298 (main) INFO  [uniandes.isis2304.hotelandes.interfazApp.InterfazHotelAndesApp] - Se aplica configuración indicada en el archivo de configuración
10:56:35,312 (main) INFO  [uniandes.isis2304.hotelandes.interfazApp.InterfazHotelAndesApp] - Se encontró un archivo de configuración válido: Tablas BD
10:56:45,088 (main) INFO  [uniandes.isis2304.hotelandes.negocio.HotelAndes] - Iniciando sesión
10:56:45,139 (main) INFO  [uniandes.isis2304.hotelandes.negocio.HotelAndes] - Iniciando sesión: CLIENT existentes
10:57:08,667 (AWT-EventQueue-0) INFO  [uniandes.isis2304.hotelandes.negocio.HotelAndes] - Adicionando reserva: 812941840
10:57:08,797 (AWT-EventQueue-0) ERROR [uniandes.isis2304.hotelandes.persistencia.PersistenciaHotelAndes] - Exception : Error executing SQL query "INSERT INTO A_RESERVATION(ID, IDSERVICE, DOCUMENTUSER, NUMBEROFGUESTS, DURATION, DATE) values (?, ?, ?, ?, ?, ?)".
ORA-01747: invalid user.table.column, table.column, or column specification

10:57:08,808 (AWT-EventQueue-0) INFO  [uniandes.isis2304.hotelandes.negocio.HotelAndes] - Adicionando reserva: 812941840
11:05:35,929 (main) INFO  [uniandes.isis2304.hotelandes.interfazApp.InterfazHotelAndesApp] - Se encontró un archivo de configuración válido: Interfaz
11:05:35,929 (main) INFO  [uniandes.isis2304.hotelandes.interfazApp.InterfazHotelAndesApp] - Se aplica configuración indicada en el archivo de configuración
11:05:35,942 (main) INFO  [uniandes.isis2304.hotelandes.interfazApp.InterfazHotelAndesApp] - Se encontró un archivo de configuración válido: Tablas BD
11:05:51,814 (main) INFO  [uniandes.isis2304.hotelandes.negocio.HotelAndes] - Iniciando sesión
11:05:51,872 (main) INFO  [uniandes.isis2304.hotelandes.negocio.HotelAndes] - Iniciando sesión: CLIENT existentes
11:06:11,048 (AWT-EventQueue-0) INFO  [uniandes.isis2304.hotelandes.negocio.HotelAndes] - Adicionando reserva: 812941840
11:06:11,201 (AWT-EventQueue-0) INFO  [uniandes.isis2304.hotelandes.negocio.HotelAndes] - Adicionando reserva: 812941840
11:30:43,952 (main) INFO  [uniandes.isis2304.hotelandes.interfazApp.InterfazHotelAndesApp] - Se encontró un archivo de configuración válido: Interfaz
11:30:43,952 (main) INFO  [uniandes.isis2304.hotelandes.interfazApp.InterfazHotelAndesApp] - Se aplica configuración indicada en el archivo de configuración
11:30:43,968 (main) INFO  [uniandes.isis2304.hotelandes.interfazApp.InterfazHotelAndesApp] - Se encontró un archivo de configuración válido: Tablas BD
11:30:57,559 (main) INFO  [uniandes.isis2304.hotelandes.negocio.HotelAndes] - Iniciando sesión
11:30:57,614 (main) INFO  [uniandes.isis2304.hotelandes.negocio.HotelAndes] - Iniciando sesión: RECEPTIONIST existentes
11:31:12,702 (main) INFO  [uniandes.isis2304.hotelandes.interfazApp.InterfazHotelAndesApp] - Se encontró un archivo de configuración válido: Interfaz
11:31:12,703 (main) INFO  [uniandes.isis2304.hotelandes.interfazApp.InterfazHotelAndesApp] - Se aplica configuración indicada en el archivo de configuración
11:31:12,717 (main) INFO  [uniandes.isis2304.hotelandes.interfazApp.InterfazHotelAndesApp] - Se encontró un archivo de configuración válido: Tablas BD
11:31:17,285 (main) INFO  [uniandes.isis2304.hotelandes.negocio.HotelAndes] - Iniciando sesión
11:31:17,334 (main) INFO  [uniandes.isis2304.hotelandes.negocio.HotelAndes] - Iniciando sesión: RECEPTIONIST existentes
11:31:31,896 (main) INFO  [uniandes.isis2304.hotelandes.interfazApp.InterfazHotelAndesApp] - Se encontró un archivo de configuración válido: Interfaz
11:31:31,897 (main) INFO  [uniandes.isis2304.hotelandes.interfazApp.InterfazHotelAndesApp] - Se aplica configuración indicada en el archivo de configuración
11:31:31,911 (main) INFO  [uniandes.isis2304.hotelandes.interfazApp.InterfazHotelAndesApp] - Se encontró un archivo de configuración válido: Tablas BD
11:31:40,110 (main) INFO  [uniandes.isis2304.hotelandes.negocio.HotelAndes] - Iniciando sesión
11:31:40,163 (main) INFO  [uniandes.isis2304.hotelandes.negocio.HotelAndes] - Iniciando sesión: CLIENT existentes
11:32:28,652 (AWT-EventQueue-0) INFO  [uniandes.isis2304.hotelandes.negocio.HotelAndes] - Adicionando reserva: 812941840
11:32:28,797 (AWT-EventQueue-0) ERROR [uniandes.isis2304.hotelandes.persistencia.PersistenciaHotelAndes] - Exception : Error executing SQL query "SELECT * FROM A_RESERVATION WHERE IDSERVICE = 1AND "DATE" BETWEEN TO_TIMESTAMP('2019-06-0 00:00:00.0', 'yyyy/mm/dd HH24:MI:SS.FF') AND TO_TIMESTAMP('2019-06-0 23:59:59.0', 'yyyy/mm/dd HH24:MI:SS.FF')".
ORA-01847: day of month must be between 1 and last day of month

11:32:28,810 (AWT-EventQueue-0) INFO  [uniandes.isis2304.hotelandes.negocio.HotelAndes] - Adicionando reserva: 812941840
11:49:32,812 (main) INFO  [uniandes.isis2304.hotelandes.interfazApp.InterfazHotelAndesApp] - Se encontró un archivo de configuración válido: Interfaz
11:49:32,813 (main) INFO  [uniandes.isis2304.hotelandes.interfazApp.InterfazHotelAndesApp] - Se aplica configuración indicada en el archivo de configuración
11:49:32,827 (main) INFO  [uniandes.isis2304.hotelandes.interfazApp.InterfazHotelAndesApp] - Se encontró un archivo de configuración válido: Tablas BD
11:49:46,373 (main) INFO  [uniandes.isis2304.hotelandes.negocio.HotelAndes] - Iniciando sesión
11:49:46,430 (main) INFO  [uniandes.isis2304.hotelandes.negocio.HotelAndes] - Iniciando sesión: CLIENT existentes
11:50:45,438 (AWT-EventQueue-0) INFO  [uniandes.isis2304.hotelandes.negocio.HotelAndes] - Adicionando reserva: 1001863505
11:50:45,606 (AWT-EventQueue-0) INFO  [uniandes.isis2304.hotelandes.negocio.HotelAndes] - Adicionando reserva: 1001863505
11:58:48,791 (main) INFO  [uniandes.isis2304.hotelandes.interfazApp.InterfazHotelAndesApp] - Se encontró un archivo de configuración válido: Interfaz
11:58:48,792 (main) INFO  [uniandes.isis2304.hotelandes.interfazApp.InterfazHotelAndesApp] - Se aplica configuración indicada en el archivo de configuración
11:58:48,806 (main) INFO  [uniandes.isis2304.hotelandes.interfazApp.InterfazHotelAndesApp] - Se encontró un archivo de configuración válido: Tablas BD
11:59:02,757 (main) INFO  [uniandes.isis2304.hotelandes.negocio.HotelAndes] - Iniciando sesión
11:59:02,812 (main) INFO  [uniandes.isis2304.hotelandes.negocio.HotelAndes] - Iniciando sesión: CLIENT existentes
11:59:36,098 (AWT-EventQueue-0) INFO  [uniandes.isis2304.hotelandes.negocio.HotelAndes] - Adicionando reserva: 1001863505
11:59:36,247 (AWT-EventQueue-0) ERROR [uniandes.isis2304.hotelandes.persistencia.PersistenciaHotelAndes] - Exception : Error executing SQL query "SELECT * FROM A_RESERVATION WHERE IDSERVICE = 1 AND TO_TIMESTAMP('2022-05-04 09:53:45.0', 'yyyy/mm/dd HH24:MI:SS.FF') BETWEEN "DATE" AND "DATE"+ INTERVAL '2'MINUTE) OR TO_TIMESTAMP('2022-05-04 09:55:45.0', 'yyyy/mm/dd HH24:MI:SS.FF') BETWEEN "DATE" AND "DATE"+ INTERVAL '2'MINUTE)".
ORA-00933: SQL command not properly ended

11:59:36,261 (AWT-EventQueue-0) INFO  [uniandes.isis2304.hotelandes.negocio.HotelAndes] - Adicionando reserva: 1001863505
12:02:08,069 (main) INFO  [uniandes.isis2304.hotelandes.interfazApp.InterfazHotelAndesApp] - Se encontró un archivo de configuración válido: Interfaz
12:02:08,070 (main) INFO  [uniandes.isis2304.hotelandes.interfazApp.InterfazHotelAndesApp] - Se aplica configuración indicada en el archivo de configuración
12:02:08,083 (main) INFO  [uniandes.isis2304.hotelandes.interfazApp.InterfazHotelAndesApp] - Se encontró un archivo de configuración válido: Tablas BD
12:02:29,108 (main) INFO  [uniandes.isis2304.hotelandes.negocio.HotelAndes] - Iniciando sesión
12:02:29,184 (main) INFO  [uniandes.isis2304.hotelandes.negocio.HotelAndes] - Iniciando sesión: CLIENT existentes
12:02:58,811 (AWT-EventQueue-0) INFO  [uniandes.isis2304.hotelandes.negocio.HotelAndes] - Adicionando reserva: 812941840
12:02:58,943 (AWT-EventQueue-0) ERROR [uniandes.isis2304.hotelandes.persistencia.PersistenciaHotelAndes] - Exception : El servicio no está disponible

12:02:58,956 (AWT-EventQueue-0) INFO  [uniandes.isis2304.hotelandes.negocio.HotelAndes] - Adicionando reserva: 812941840
12:22:14,685 (main) INFO  [uniandes.isis2304.hotelandes.interfazApp.InterfazHotelAndesApp] - Se encontró un archivo de configuración válido: Interfaz
12:22:14,685 (main) INFO  [uniandes.isis2304.hotelandes.interfazApp.InterfazHotelAndesApp] - Se aplica configuración indicada en el archivo de configuración
12:22:14,700 (main) INFO  [uniandes.isis2304.hotelandes.interfazApp.InterfazHotelAndesApp] - Se encontró un archivo de configuración válido: Tablas BD
12:22:25,414 (main) INFO  [uniandes.isis2304.hotelandes.negocio.HotelAndes] - Iniciando sesión
12:22:25,466 (main) INFO  [uniandes.isis2304.hotelandes.negocio.HotelAndes] - Iniciando sesión: CLIENT existentes
12:23:15,783 (main) INFO  [uniandes.isis2304.hotelandes.interfazApp.InterfazHotelAndesApp] - Se encontró un archivo de configuración válido: Interfaz
12:23:15,783 (main) INFO  [uniandes.isis2304.hotelandes.interfazApp.InterfazHotelAndesApp] - Se aplica configuración indicada en el archivo de configuración
12:23:15,797 (main) INFO  [uniandes.isis2304.hotelandes.interfazApp.InterfazHotelAndesApp] - Se encontró un archivo de configuración válido: Tablas BD
12:23:23,660 (main) INFO  [uniandes.isis2304.hotelandes.negocio.HotelAndes] - Iniciando sesión
12:23:23,721 (main) INFO  [uniandes.isis2304.hotelandes.negocio.HotelAndes] - Iniciando sesión: CLIENT existentes
12:24:02,693 (AWT-EventQueue-0) INFO  [uniandes.isis2304.hotelandes.negocio.HotelAndes] - Iniciando sesión
12:24:02,718 (AWT-EventQueue-0) INFO  [uniandes.isis2304.hotelandes.negocio.HotelAndes] - Iniciando sesión: RECEPTIONIST existentes
12:25:51,421 (AWT-EventQueue-0) INFO  [uniandes.isis2304.hotelandes.negocio.HotelAndes] - Registrando check in: 1
12:25:51,424 (AWT-EventQueue-0) ERROR [uniandes.isis2304.hotelandes.persistencia.PersistenciaHotelAndes] - Exception : Cannot invoke "uniandes.isis2304.hotelandes.persistencia.SQLCheckInOut.checkIn(javax.jdo.PersistenceManager, long, String)" because "this.sqlCheckInOut" is null

12:25:51,426 (AWT-EventQueue-0) INFO  [uniandes.isis2304.hotelandes.negocio.HotelAndes] - Check in realizado: -1
12:26:30,159 (main) INFO  [uniandes.isis2304.hotelandes.interfazApp.InterfazHotelAndesApp] - Se encontró un archivo de configuración válido: Interfaz
12:26:30,160 (main) INFO  [uniandes.isis2304.hotelandes.interfazApp.InterfazHotelAndesApp] - Se aplica configuración indicada en el archivo de configuración
12:26:30,173 (main) INFO  [uniandes.isis2304.hotelandes.interfazApp.InterfazHotelAndesApp] - Se encontró un archivo de configuración válido: Tablas BD
12:26:43,643 (main) INFO  [uniandes.isis2304.hotelandes.negocio.HotelAndes] - Iniciando sesión
12:26:43,700 (main) INFO  [uniandes.isis2304.hotelandes.negocio.HotelAndes] - Iniciando sesión: RECEPTIONIST existentes
12:26:56,169 (AWT-EventQueue-0) INFO  [uniandes.isis2304.hotelandes.negocio.HotelAndes] - Registrando check in: 1
12:26:56,285 (AWT-EventQueue-0) ERROR [uniandes.isis2304.hotelandes.persistencia.PersistenciaHotelAndes] - Exception : Error executing SQL query "UPDATE A_BOOKINGSET CHECKINDATE = TO_DATE(?, 'yyyy/mm/dd hh24:mi'), CHECKINMADE = 1WHERE IDBOOKING = ?;".
ORA-00971: missing SET keyword

12:26:56,298 (AWT-EventQueue-0) INFO  [uniandes.isis2304.hotelandes.negocio.HotelAndes] - Check in realizado: -1
12:28:00,211 (main) INFO  [uniandes.isis2304.hotelandes.interfazApp.InterfazHotelAndesApp] - Se encontró un archivo de configuración válido: Interfaz
12:28:00,212 (main) INFO  [uniandes.isis2304.hotelandes.interfazApp.InterfazHotelAndesApp] - Se aplica configuración indicada en el archivo de configuración
12:28:00,225 (main) INFO  [uniandes.isis2304.hotelandes.interfazApp.InterfazHotelAndesApp] - Se encontró un archivo de configuración válido: Tablas BD
12:28:14,138 (main) INFO  [uniandes.isis2304.hotelandes.negocio.HotelAndes] - Iniciando sesión
12:28:14,190 (main) INFO  [uniandes.isis2304.hotelandes.negocio.HotelAndes] - Iniciando sesión: RECEPTIONIST existentes
12:28:19,746 (AWT-EventQueue-0) INFO  [uniandes.isis2304.hotelandes.negocio.HotelAndes] - Registrando check in: 1
12:28:19,861 (AWT-EventQueue-0) ERROR [uniandes.isis2304.hotelandes.persistencia.PersistenciaHotelAndes] - Exception : Error executing SQL query "UPDATE A_BOOKING SET CHECKINDATE = TO_DATE(?, 'yyyy/mm/dd hh24:mi'), CHECKINMADE = 1 WHERE IDBOOKING = ?;".
ORA-00933: SQL command not properly ended

12:28:19,873 (AWT-EventQueue-0) INFO  [uniandes.isis2304.hotelandes.negocio.HotelAndes] - Check in realizado: -1
12:32:16,916 (main) INFO  [uniandes.isis2304.hotelandes.interfazApp.InterfazHotelAndesApp] - Se encontró un archivo de configuración válido: Interfaz
12:32:16,916 (main) INFO  [uniandes.isis2304.hotelandes.interfazApp.InterfazHotelAndesApp] - Se aplica configuración indicada en el archivo de configuración
12:32:16,932 (main) INFO  [uniandes.isis2304.hotelandes.interfazApp.InterfazHotelAndesApp] - Se encontró un archivo de configuración válido: Tablas BD
12:32:49,267 (main) INFO  [uniandes.isis2304.hotelandes.negocio.HotelAndes] - Iniciando sesión
12:32:49,323 (main) INFO  [uniandes.isis2304.hotelandes.negocio.HotelAndes] - Iniciando sesión: RECEPTIONIST existentes
12:32:54,924 (AWT-EventQueue-0) INFO  [uniandes.isis2304.hotelandes.negocio.HotelAndes] - Registrando check in: 1
12:32:55,046 (AWT-EventQueue-0) ERROR [uniandes.isis2304.hotelandes.persistencia.PersistenciaHotelAndes] - Exception : Error executing SQL query "UPDATE A_CHECKINOUT SET CHECKINDATE = TO_DATE('?', 'yyyy/mm/dd hh24:mi'), CHECKINMADE = 1 WHERE IDBOOKING = ?".
Invalid column index
12:32:55,061 (AWT-EventQueue-0) INFO  [uniandes.isis2304.hotelandes.negocio.HotelAndes] - Check in realizado: -1
12:34:58,890 (main) INFO  [uniandes.isis2304.hotelandes.interfazApp.InterfazHotelAndesApp] - Se encontró un archivo de configuración válido: Interfaz
12:34:58,891 (main) INFO  [uniandes.isis2304.hotelandes.interfazApp.InterfazHotelAndesApp] - Se aplica configuración indicada en el archivo de configuración
12:34:58,905 (main) INFO  [uniandes.isis2304.hotelandes.interfazApp.InterfazHotelAndesApp] - Se encontró un archivo de configuración válido: Tablas BD
12:35:07,373 (main) INFO  [uniandes.isis2304.hotelandes.negocio.HotelAndes] - Iniciando sesión
12:35:07,428 (main) INFO  [uniandes.isis2304.hotelandes.negocio.HotelAndes] - Iniciando sesión: RECEPTIONIST existentes
12:35:17,266 (AWT-EventQueue-0) INFO  [uniandes.isis2304.hotelandes.negocio.HotelAndes] - Registrando check in: 1
12:36:45,503 (main) INFO  [uniandes.isis2304.hotelandes.interfazApp.InterfazHotelAndesApp] - Se encontró un archivo de configuración válido: Interfaz
12:36:45,503 (main) INFO  [uniandes.isis2304.hotelandes.interfazApp.InterfazHotelAndesApp] - Se aplica configuración indicada en el archivo de configuración
12:36:45,516 (main) INFO  [uniandes.isis2304.hotelandes.interfazApp.InterfazHotelAndesApp] - Se encontró un archivo de configuración válido: Tablas BD
12:36:53,193 (main) INFO  [uniandes.isis2304.hotelandes.negocio.HotelAndes] - Iniciando sesión
12:36:53,250 (main) INFO  [uniandes.isis2304.hotelandes.negocio.HotelAndes] - Iniciando sesión: RECEPTIONIST existentes
12:36:56,532 (AWT-EventQueue-0) INFO  [uniandes.isis2304.hotelandes.negocio.HotelAndes] - Registrando check in: 1
12:39:32,059 (main) INFO  [uniandes.isis2304.hotelandes.interfazApp.InterfazHotelAndesApp] - Se encontró un archivo de configuración válido: Interfaz
12:39:32,060 (main) INFO  [uniandes.isis2304.hotelandes.interfazApp.InterfazHotelAndesApp] - Se aplica configuración indicada en el archivo de configuración
12:39:32,077 (main) INFO  [uniandes.isis2304.hotelandes.interfazApp.InterfazHotelAndesApp] - Se encontró un archivo de configuración válido: Tablas BD
12:39:38,835 (main) INFO  [uniandes.isis2304.hotelandes.negocio.HotelAndes] - Iniciando sesión
12:39:38,885 (main) INFO  [uniandes.isis2304.hotelandes.negocio.HotelAndes] - Iniciando sesión: RECEPTIONIST existentes
12:39:42,087 (AWT-EventQueue-0) INFO  [uniandes.isis2304.hotelandes.negocio.HotelAndes] - Registrando check in: 1
12:41:32,879 (main) INFO  [uniandes.isis2304.hotelandes.interfazApp.InterfazHotelAndesApp] - Se encontró un archivo de configuración válido: Interfaz
12:41:32,880 (main) INFO  [uniandes.isis2304.hotelandes.interfazApp.InterfazHotelAndesApp] - Se aplica configuración indicada en el archivo de configuración
12:41:32,894 (main) INFO  [uniandes.isis2304.hotelandes.interfazApp.InterfazHotelAndesApp] - Se encontró un archivo de configuración válido: Tablas BD
12:41:41,274 (main) INFO  [uniandes.isis2304.hotelandes.negocio.HotelAndes] - Iniciando sesión
12:41:41,334 (main) INFO  [uniandes.isis2304.hotelandes.negocio.HotelAndes] - Iniciando sesión: CLIENT existentes
12:41:54,261 (AWT-EventQueue-0) INFO  [uniandes.isis2304.hotelandes.negocio.HotelAndes] - Adicionando reserva: 1001863505
12:41:54,415 (AWT-EventQueue-0) INFO  [uniandes.isis2304.hotelandes.negocio.HotelAndes] - Adicionando reserva: 1001863505
12:42:10,605 (AWT-EventQueue-0) INFO  [uniandes.isis2304.hotelandes.negocio.HotelAndes] - Iniciando sesión
12:42:10,626 (AWT-EventQueue-0) INFO  [uniandes.isis2304.hotelandes.negocio.HotelAndes] - Iniciando sesión: RECEPTIONIST existentes
12:42:16,279 (AWT-EventQueue-0) INFO  [uniandes.isis2304.hotelandes.negocio.HotelAndes] - Registrando check in: 2
12:42:16,301 (AWT-EventQueue-0) ERROR [uniandes.isis2304.hotelandes.persistencia.PersistenciaHotelAndes] - Exception : Error executing SQL query "UPDATE A_CHECKINOUT SET CHECKINDATE = TO_DATE('2022/42/06 1224:42', 'yyyy/mm/dd hh24:mi'), CHECKINMADE = 1 WHERE IDBOOKING = 2".
ORA-01843: not a valid month

12:42:16,313 (AWT-EventQueue-0) INFO  [uniandes.isis2304.hotelandes.negocio.HotelAndes] - Check in realizado: -1
12:45:25,022 (main) INFO  [uniandes.isis2304.hotelandes.interfazApp.InterfazHotelAndesApp] - Se encontró un archivo de configuración válido: Interfaz
12:45:25,022 (main) INFO  [uniandes.isis2304.hotelandes.interfazApp.InterfazHotelAndesApp] - Se aplica configuración indicada en el archivo de configuración
12:45:25,037 (main) INFO  [uniandes.isis2304.hotelandes.interfazApp.InterfazHotelAndesApp] - Se encontró un archivo de configuración válido: Tablas BD
12:45:34,979 (main) INFO  [uniandes.isis2304.hotelandes.negocio.HotelAndes] - Iniciando sesión
12:45:35,038 (main) INFO  [uniandes.isis2304.hotelandes.negocio.HotelAndes] - Iniciando sesión: RECEPTIONIST existentes
12:45:39,208 (AWT-EventQueue-0) INFO  [uniandes.isis2304.hotelandes.negocio.HotelAndes] - Registrando check in: 2
12:45:39,327 (AWT-EventQueue-0) ERROR [uniandes.isis2304.hotelandes.persistencia.PersistenciaHotelAndes] - Exception : Error executing SQL query "UPDATE A_CHECKINOUT SET CHECKINDATE = TO_DATE('2022-04-06 12:45:39.21', 'yyyy/mm/dd HH24:MI:SS.FF'), CHECKINMADE = 1 WHERE IDBOOKING = 2".
ORA-01821: date format not recognized

12:45:39,341 (AWT-EventQueue-0) INFO  [uniandes.isis2304.hotelandes.negocio.HotelAndes] - Check in realizado: -1
12:48:03,530 (main) INFO  [uniandes.isis2304.hotelandes.interfazApp.InterfazHotelAndesApp] - Se encontró un archivo de configuración válido: Interfaz
12:48:03,530 (main) INFO  [uniandes.isis2304.hotelandes.interfazApp.InterfazHotelAndesApp] - Se aplica configuración indicada en el archivo de configuración
12:48:03,543 (main) INFO  [uniandes.isis2304.hotelandes.interfazApp.InterfazHotelAndesApp] - Se encontró un archivo de configuración válido: Tablas BD
12:48:15,533 (main) INFO  [uniandes.isis2304.hotelandes.negocio.HotelAndes] - Iniciando sesión
12:48:15,583 (main) INFO  [uniandes.isis2304.hotelandes.negocio.HotelAndes] - Iniciando sesión: RECEPTIONIST existentes
12:48:20,444 (AWT-EventQueue-0) INFO  [uniandes.isis2304.hotelandes.negocio.HotelAndes] - Registrando check in: 2
12:55:20,205 (main) INFO  [uniandes.isis2304.hotelandes.interfazApp.InterfazHotelAndesApp] - Se encontró un archivo de configuración válido: Interfaz
12:55:20,205 (main) INFO  [uniandes.isis2304.hotelandes.interfazApp.InterfazHotelAndesApp] - Se aplica configuración indicada en el archivo de configuración
12:55:20,222 (main) INFO  [uniandes.isis2304.hotelandes.interfazApp.InterfazHotelAndesApp] - Se encontró un archivo de configuración válido: Tablas BD
12:55:27,313 (main) INFO  [uniandes.isis2304.hotelandes.negocio.HotelAndes] - Iniciando sesión
12:55:27,362 (main) INFO  [uniandes.isis2304.hotelandes.negocio.HotelAndes] - Iniciando sesión: RECEPTIONIST existentes
12:55:32,583 (AWT-EventQueue-0) INFO  [uniandes.isis2304.hotelandes.negocio.HotelAndes] - Registrando check in: 1
15:50:10,283 (main) INFO  [uniandes.isis2304.hotelandes.interfazApp.InterfazHotelAndesApp] - Se encontró un archivo de configuración válido: Interfaz
15:50:10,283 (main) INFO  [uniandes.isis2304.hotelandes.interfazApp.InterfazHotelAndesApp] - Se aplica configuración indicada en el archivo de configuración
15:50:10,302 (main) INFO  [uniandes.isis2304.hotelandes.interfazApp.InterfazHotelAndesApp] - Se encontró un archivo de configuración válido: Tablas BD
15:50:36,980 (main) INFO  [uniandes.isis2304.hotelandes.negocio.HotelAndes] - Iniciando sesión
15:50:37,039 (main) INFO  [uniandes.isis2304.hotelandes.negocio.HotelAndes] - Iniciando sesión: RECEPTIONIST existentes
15:50:42,228 (AWT-EventQueue-0) INFO  [uniandes.isis2304.hotelandes.negocio.HotelAndes] - Registrando check in: 1
15:50:54,726 (AWT-EventQueue-0) INFO  [uniandes.isis2304.hotelandes.negocio.HotelAndes] - Registrando check in: 2
15:51:00,936 (AWT-EventQueue-0) INFO  [uniandes.isis2304.hotelandes.negocio.HotelAndes] - Registrando check in: 3
15:51:03,513 (AWT-EventQueue-0) INFO  [uniandes.isis2304.hotelandes.negocio.HotelAndes] - Registrando check in: 4
15:51:06,384 (AWT-EventQueue-0) INFO  [uniandes.isis2304.hotelandes.negocio.HotelAndes] - Registrando check in: 5
15:51:55,245 (AWT-EventQueue-0) INFO  [uniandes.isis2304.hotelandes.negocio.HotelAndes] - Registrando check in: 5
15:52:49,478 (main) INFO  [uniandes.isis2304.hotelandes.interfazApp.InterfazHotelAndesApp] - Se encontró un archivo de configuración válido: Interfaz
15:52:49,479 (main) INFO  [uniandes.isis2304.hotelandes.interfazApp.InterfazHotelAndesApp] - Se aplica configuración indicada en el archivo de configuración
15:52:49,498 (main) INFO  [uniandes.isis2304.hotelandes.interfazApp.InterfazHotelAndesApp] - Se encontró un archivo de configuración válido: Tablas BD
15:53:10,343 (main) INFO  [uniandes.isis2304.hotelandes.negocio.HotelAndes] - Iniciando sesión
15:53:10,415 (main) INFO  [uniandes.isis2304.hotelandes.negocio.HotelAndes] - Iniciando sesión: RECEPTIONIST existentes
15:53:17,100 (AWT-EventQueue-0) INFO  [uniandes.isis2304.hotelandes.negocio.HotelAndes] - Registrando check in: 1
15:53:19,654 (AWT-EventQueue-0) INFO  [uniandes.isis2304.hotelandes.negocio.HotelAndes] - Registrando check in: 2
15:53:21,484 (AWT-EventQueue-0) INFO  [uniandes.isis2304.hotelandes.negocio.HotelAndes] - Registrando check in: 3
15:53:23,599 (AWT-EventQueue-0) INFO  [uniandes.isis2304.hotelandes.negocio.HotelAndes] - Registrando check in: 4
15:53:57,158 (main) INFO  [uniandes.isis2304.hotelandes.interfazApp.InterfazHotelAndesApp] - Se encontró un archivo de configuración válido: Interfaz
15:53:57,158 (main) INFO  [uniandes.isis2304.hotelandes.interfazApp.InterfazHotelAndesApp] - Se aplica configuración indicada en el archivo de configuración
15:53:57,176 (main) INFO  [uniandes.isis2304.hotelandes.interfazApp.InterfazHotelAndesApp] - Se encontró un archivo de configuración válido: Tablas BD
15:54:04,663 (main) INFO  [uniandes.isis2304.hotelandes.negocio.HotelAndes] - Iniciando sesión
15:54:04,728 (main) INFO  [uniandes.isis2304.hotelandes.negocio.HotelAndes] - Iniciando sesión: RECEPTIONIST existentes
15:54:08,515 (AWT-EventQueue-0) INFO  [uniandes.isis2304.hotelandes.negocio.HotelAndes] - Registrando check in: 3
15:54:16,673 (AWT-EventQueue-0) INFO  [uniandes.isis2304.hotelandes.negocio.HotelAndes] - Registrando check in: 1
15:54:21,913 (AWT-EventQueue-0) INFO  [uniandes.isis2304.hotelandes.negocio.HotelAndes] - Registrando check in: 2
15:54:23,984 (AWT-EventQueue-0) INFO  [uniandes.isis2304.hotelandes.negocio.HotelAndes] - Registrando check in: 3
15:57:02,084 (main) INFO  [uniandes.isis2304.hotelandes.interfazApp.InterfazHotelAndesApp] - Se encontró un archivo de configuración válido: Interfaz
15:57:02,085 (main) INFO  [uniandes.isis2304.hotelandes.interfazApp.InterfazHotelAndesApp] - Se aplica configuración indicada en el archivo de configuración
15:57:02,105 (main) INFO  [uniandes.isis2304.hotelandes.interfazApp.InterfazHotelAndesApp] - Se encontró un archivo de configuración válido: Tablas BD
15:57:13,041 (main) INFO  [uniandes.isis2304.hotelandes.negocio.HotelAndes] - Iniciando sesión
15:57:13,512 (main) INFO  [uniandes.isis2304.hotelandes.negocio.HotelAndes] - Iniciando sesión: RECEPTIONIST existentes
15:57:32,553 (AWT-EventQueue-0) INFO  [uniandes.isis2304.hotelandes.negocio.HotelAndes] - Iniciando sesión
15:57:33,029 (AWT-EventQueue-0) INFO  [uniandes.isis2304.hotelandes.negocio.HotelAndes] - Iniciando sesión: EMPLOYEE existentes
15:57:59,396 (AWT-EventQueue-0) INFO  [uniandes.isis2304.hotelandes.negocio.HotelAndes] - Adicionando consumo: 1
15:58:00,406 (AWT-EventQueue-0) INFO  [uniandes.isis2304.hotelandes.negocio.HotelAndes] - Adicionando consumo: ServiceInvoice [id=81, idService=1, value=20.0, createdDate=2022-04-06 15:58:00.297, paidDate=null]
18:20:04,372 (main) INFO  [uniandes.isis2304.hotelandes.interfazApp.InterfazHotelAndesApp] - Se encontró un archivo de configuración válido: Interfaz
18:20:04,372 (main) INFO  [uniandes.isis2304.hotelandes.interfazApp.InterfazHotelAndesApp] - Se aplica configuración indicada en el archivo de configuración
18:20:04,387 (main) INFO  [uniandes.isis2304.hotelandes.interfazApp.InterfazHotelAndesApp] - Se encontró un archivo de configuración válido: Tablas BD
18:20:48,281 (main) INFO  [uniandes.isis2304.hotelandes.negocio.HotelAndes] - Iniciando sesión
18:20:48,338 (main) INFO  [uniandes.isis2304.hotelandes.negocio.HotelAndes] - Iniciando sesión: CLIENT existentes
18:20:50,482 (AWT-EventQueue-0) INFO  [uniandes.isis2304.hotelandes.negocio.HotelAndes] - Consultando dinero
18:22:38,949 (main) INFO  [uniandes.isis2304.hotelandes.interfazApp.InterfazHotelAndesApp] - Se encontró un archivo de configuración válido: Interfaz
18:22:38,950 (main) INFO  [uniandes.isis2304.hotelandes.interfazApp.InterfazHotelAndesApp] - Se aplica configuración indicada en el archivo de configuración
18:22:38,964 (main) INFO  [uniandes.isis2304.hotelandes.interfazApp.InterfazHotelAndesApp] - Se encontró un archivo de configuración válido: Tablas BD
18:22:52,777 (main) INFO  [uniandes.isis2304.hotelandes.negocio.HotelAndes] - Iniciando sesión
18:22:52,832 (main) INFO  [uniandes.isis2304.hotelandes.negocio.HotelAndes] - Iniciando sesión: CLIENT existentes
18:22:55,521 (AWT-EventQueue-0) INFO  [uniandes.isis2304.hotelandes.negocio.HotelAndes] - Consultando dinero
18:23:59,005 (main) INFO  [uniandes.isis2304.hotelandes.interfazApp.InterfazHotelAndesApp] - Se encontró un archivo de configuración válido: Interfaz
18:23:59,005 (main) INFO  [uniandes.isis2304.hotelandes.interfazApp.InterfazHotelAndesApp] - Se aplica configuración indicada en el archivo de configuración
18:23:59,020 (main) INFO  [uniandes.isis2304.hotelandes.interfazApp.InterfazHotelAndesApp] - Se encontró un archivo de configuración válido: Tablas BD
18:24:04,488 (main) INFO  [uniandes.isis2304.hotelandes.negocio.HotelAndes] - Iniciando sesión
18:24:04,547 (main) INFO  [uniandes.isis2304.hotelandes.negocio.HotelAndes] - Iniciando sesión: CLIENT existentes
18:24:05,980 (AWT-EventQueue-0) INFO  [uniandes.isis2304.hotelandes.negocio.HotelAndes] - Consultando dinero
18:26:41,475 (main) INFO  [uniandes.isis2304.hotelandes.interfazApp.InterfazHotelAndesApp] - Se encontró un archivo de configuración válido: Interfaz
18:26:41,476 (main) INFO  [uniandes.isis2304.hotelandes.interfazApp.InterfazHotelAndesApp] - Se aplica configuración indicada en el archivo de configuración
18:26:41,489 (main) INFO  [uniandes.isis2304.hotelandes.interfazApp.InterfazHotelAndesApp] - Se encontró un archivo de configuración válido: Tablas BD
18:26:54,990 (main) INFO  [uniandes.isis2304.hotelandes.negocio.HotelAndes] - Iniciando sesión
18:26:55,046 (main) INFO  [uniandes.isis2304.hotelandes.negocio.HotelAndes] - Iniciando sesión: La contraseña no es correcta existentes
18:26:57,981 (AWT-EventQueue-0) INFO  [uniandes.isis2304.hotelandes.negocio.HotelAndes] - Consultando dinero
18:28:19,156 (main) INFO  [uniandes.isis2304.hotelandes.interfazApp.InterfazHotelAndesApp] - Se encontró un archivo de configuración válido: Interfaz
18:28:19,157 (main) INFO  [uniandes.isis2304.hotelandes.interfazApp.InterfazHotelAndesApp] - Se aplica configuración indicada en el archivo de configuración
18:28:19,171 (main) INFO  [uniandes.isis2304.hotelandes.interfazApp.InterfazHotelAndesApp] - Se encontró un archivo de configuración válido: Tablas BD
18:28:22,985 (AWT-EventQueue-0) INFO  [uniandes.isis2304.hotelandes.negocio.HotelAndes] - Consultando dinero
18:30:32,843 (main) INFO  [uniandes.isis2304.hotelandes.interfazApp.InterfazHotelAndesApp] - Se encontró un archivo de configuración válido: Interfaz
18:30:32,843 (main) INFO  [uniandes.isis2304.hotelandes.interfazApp.InterfazHotelAndesApp] - Se aplica configuración indicada en el archivo de configuración
18:30:32,858 (main) INFO  [uniandes.isis2304.hotelandes.interfazApp.InterfazHotelAndesApp] - Se encontró un archivo de configuración válido: Tablas BD
18:30:37,156 (AWT-EventQueue-0) INFO  [uniandes.isis2304.hotelandes.negocio.HotelAndes] - Consultando dinero
18:32:06,506 (main) INFO  [uniandes.isis2304.hotelandes.interfazApp.InterfazHotelAndesApp] - Se encontró un archivo de configuración válido: Interfaz
18:32:06,506 (main) INFO  [uniandes.isis2304.hotelandes.interfazApp.InterfazHotelAndesApp] - Se aplica configuración indicada en el archivo de configuración
18:32:06,521 (main) INFO  [uniandes.isis2304.hotelandes.interfazApp.InterfazHotelAndesApp] - Se encontró un archivo de configuración válido: Tablas BD
18:32:10,598 (AWT-EventQueue-0) INFO  [uniandes.isis2304.hotelandes.negocio.HotelAndes] - Consultando dinero
18:34:28,985 (main) INFO  [uniandes.isis2304.hotelandes.interfazApp.InterfazHotelAndesApp] - Se encontró un archivo de configuración válido: Interfaz
18:34:28,985 (main) INFO  [uniandes.isis2304.hotelandes.interfazApp.InterfazHotelAndesApp] - Se aplica configuración indicada en el archivo de configuración
18:34:28,999 (main) INFO  [uniandes.isis2304.hotelandes.interfazApp.InterfazHotelAndesApp] - Se encontró un archivo de configuración válido: Tablas BD
18:34:32,295 (AWT-EventQueue-0) INFO  [uniandes.isis2304.hotelandes.negocio.HotelAndes] - Consultando dinero
18:35:00,132 (main) INFO  [uniandes.isis2304.hotelandes.interfazApp.InterfazHotelAndesApp] - Se encontró un archivo de configuración válido: Interfaz
18:35:00,132 (main) INFO  [uniandes.isis2304.hotelandes.interfazApp.InterfazHotelAndesApp] - Se aplica configuración indicada en el archivo de configuración
18:35:00,148 (main) INFO  [uniandes.isis2304.hotelandes.interfazApp.InterfazHotelAndesApp] - Se encontró un archivo de configuración válido: Tablas BD
18:35:03,181 (AWT-EventQueue-0) INFO  [uniandes.isis2304.hotelandes.negocio.HotelAndes] - Consultando dinero
18:36:11,885 (main) INFO  [uniandes.isis2304.hotelandes.interfazApp.InterfazHotelAndesApp] - Se encontró un archivo de configuración válido: Interfaz
18:36:11,885 (main) INFO  [uniandes.isis2304.hotelandes.interfazApp.InterfazHotelAndesApp] - Se aplica configuración indicada en el archivo de configuración
18:36:11,900 (main) INFO  [uniandes.isis2304.hotelandes.interfazApp.InterfazHotelAndesApp] - Se encontró un archivo de configuración válido: Tablas BD
18:36:16,657 (AWT-EventQueue-0) INFO  [uniandes.isis2304.hotelandes.negocio.HotelAndes] - Consultando dinero
18:47:24,311 (main) INFO  [uniandes.isis2304.hotelandes.interfazApp.InterfazHotelAndesApp] - Se encontró un archivo de configuración válido: Interfaz
18:47:24,312 (main) INFO  [uniandes.isis2304.hotelandes.interfazApp.InterfazHotelAndesApp] - Se aplica configuración indicada en el archivo de configuración
18:47:24,326 (main) INFO  [uniandes.isis2304.hotelandes.interfazApp.InterfazHotelAndesApp] - Se encontró un archivo de configuración válido: Tablas BD
18:48:08,363 (AWT-EventQueue-0) INFO  [uniandes.isis2304.hotelandes.negocio.HotelAndes] - Consultando dinero
18:49:54,854 (main) INFO  [uniandes.isis2304.hotelandes.interfazApp.InterfazHotelAndesApp] - Se encontró un archivo de configuración válido: Interfaz
18:49:54,854 (main) INFO  [uniandes.isis2304.hotelandes.interfazApp.InterfazHotelAndesApp] - Se aplica configuración indicada en el archivo de configuración
18:49:54,870 (main) INFO  [uniandes.isis2304.hotelandes.interfazApp.InterfazHotelAndesApp] - Se encontró un archivo de configuración válido: Tablas BD
18:50:12,154 (AWT-EventQueue-0) INFO  [uniandes.isis2304.hotelandes.negocio.HotelAndes] - Consultando dinero
19:00:54,635 (main) INFO  [uniandes.isis2304.hotelandes.interfazApp.InterfazHotelAndesApp] - Se encontró un archivo de configuración válido: Interfaz
19:00:54,636 (main) INFO  [uniandes.isis2304.hotelandes.interfazApp.InterfazHotelAndesApp] - Se aplica configuración indicada en el archivo de configuración
19:00:54,651 (main) INFO  [uniandes.isis2304.hotelandes.interfazApp.InterfazHotelAndesApp] - Se encontró un archivo de configuración válido: Tablas BD
19:01:06,241 (AWT-EventQueue-0) INFO  [uniandes.isis2304.hotelandes.negocio.HotelAndes] - Consultando dinero
19:01:06,289 (AWT-EventQueue-0) INFO  [uniandes.isis2304.hotelandes.negocio.HotelAndes] - Consultando dinero
19:13:47,616 (main) INFO  [uniandes.isis2304.hotelandes.interfazApp.InterfazHotelAndesApp] - Se encontró un archivo de configuración válido: Interfaz
19:13:47,616 (main) INFO  [uniandes.isis2304.hotelandes.interfazApp.InterfazHotelAndesApp] - Se aplica configuración indicada en el archivo de configuración
19:13:47,631 (main) INFO  [uniandes.isis2304.hotelandes.interfazApp.InterfazHotelAndesApp] - Se encontró un archivo de configuración válido: Tablas BD
19:14:00,300 (AWT-EventQueue-0) INFO  [uniandes.isis2304.hotelandes.negocio.HotelAndes] - Consultando Servicios Populares
19:14:38,750 (main) INFO  [uniandes.isis2304.hotelandes.interfazApp.InterfazHotelAndesApp] - Se encontró un archivo de configuración válido: Interfaz
19:14:38,751 (main) INFO  [uniandes.isis2304.hotelandes.interfazApp.InterfazHotelAndesApp] - Se aplica configuración indicada en el archivo de configuración
19:14:38,766 (main) INFO  [uniandes.isis2304.hotelandes.interfazApp.InterfazHotelAndesApp] - Se encontró un archivo de configuración válido: Tablas BD
19:14:49,039 (AWT-EventQueue-0) INFO  [uniandes.isis2304.hotelandes.negocio.HotelAndes] - Consultando Servicios Populares
19:14:49,092 (AWT-EventQueue-0) INFO  [uniandes.isis2304.hotelandes.negocio.HotelAndes] - Consultando Servicios Populares: 1 existentes
19:14:49,094 (AWT-EventQueue-0) INFO  [uniandes.isis2304.hotelandes.negocio.HotelAndes] - Consultando dinero
19:23:19,162 (main) INFO  [uniandes.isis2304.hotelandes.interfazApp.InterfazHotelAndesApp] - Se encontró un archivo de configuración válido: Interfaz
19:23:19,163 (main) INFO  [uniandes.isis2304.hotelandes.interfazApp.InterfazHotelAndesApp] - Se aplica configuración indicada en el archivo de configuración
19:23:19,183 (main) INFO  [uniandes.isis2304.hotelandes.interfazApp.InterfazHotelAndesApp] - Se encontró un archivo de configuración válido: Tablas BD
19:23:47,523 (main) INFO  [uniandes.isis2304.hotelandes.interfazApp.InterfazHotelAndesApp] - Se encontró un archivo de configuración válido: Interfaz
19:23:47,523 (main) INFO  [uniandes.isis2304.hotelandes.interfazApp.InterfazHotelAndesApp] - Se aplica configuración indicada en el archivo de configuración
19:23:47,540 (main) INFO  [uniandes.isis2304.hotelandes.interfazApp.InterfazHotelAndesApp] - Se encontró un archivo de configuración válido: Tablas BD
19:24:08,705 (AWT-EventQueue-0) INFO  [uniandes.isis2304.hotelandes.negocio.HotelAndes] - Consultando Indice Ocupacion
19:32:34,048 (main) INFO  [uniandes.isis2304.hotelandes.interfazApp.InterfazHotelAndesApp] - Se encontró un archivo de configuración válido: Interfaz
19:32:34,049 (main) INFO  [uniandes.isis2304.hotelandes.interfazApp.InterfazHotelAndesApp] - Se aplica configuración indicada en el archivo de configuración
19:32:34,064 (main) INFO  [uniandes.isis2304.hotelandes.interfazApp.InterfazHotelAndesApp] - Se encontró un archivo de configuración válido: Tablas BD
19:33:01,876 (AWT-EventQueue-0) INFO  [uniandes.isis2304.hotelandes.negocio.HotelAndes] - Consultando Indice Ocupacion
19:35:02,891 (main) INFO  [uniandes.isis2304.hotelandes.interfazApp.InterfazHotelAndesApp] - Se encontró un archivo de configuración válido: Interfaz
19:35:02,891 (main) INFO  [uniandes.isis2304.hotelandes.interfazApp.InterfazHotelAndesApp] - Se aplica configuración indicada en el archivo de configuración
19:35:02,906 (main) INFO  [uniandes.isis2304.hotelandes.interfazApp.InterfazHotelAndesApp] - Se encontró un archivo de configuración válido: Tablas BD
19:35:12,809 (AWT-EventQueue-0) INFO  [uniandes.isis2304.hotelandes.negocio.HotelAndes] - Consultando Indice Ocupacion
19:36:24,876 (main) INFO  [uniandes.isis2304.hotelandes.interfazApp.InterfazHotelAndesApp] - Se encontró un archivo de configuración válido: Interfaz
19:36:24,877 (main) INFO  [uniandes.isis2304.hotelandes.interfazApp.InterfazHotelAndesApp] - Se aplica configuración indicada en el archivo de configuración
19:36:24,891 (main) INFO  [uniandes.isis2304.hotelandes.interfazApp.InterfazHotelAndesApp] - Se encontró un archivo de configuración válido: Tablas BD
19:36:33,716 (AWT-EventQueue-0) INFO  [uniandes.isis2304.hotelandes.negocio.HotelAndes] - Consultando Indice Ocupacion
19:39:54,744 (main) INFO  [uniandes.isis2304.hotelandes.interfazApp.InterfazHotelAndesApp] - Se encontró un archivo de configuración válido: Interfaz
19:39:54,744 (main) INFO  [uniandes.isis2304.hotelandes.interfazApp.InterfazHotelAndesApp] - Se aplica configuración indicada en el archivo de configuración
19:39:54,758 (main) INFO  [uniandes.isis2304.hotelandes.interfazApp.InterfazHotelAndesApp] - Se encontró un archivo de configuración válido: Tablas BD
19:40:05,093 (AWT-EventQueue-0) INFO  [uniandes.isis2304.hotelandes.negocio.HotelAndes] - Consultando Indice Ocupacion
19:40:05,154 (AWT-EventQueue-0) INFO  [uniandes.isis2304.hotelandes.negocio.HotelAndes] - Consultando Indice Ocupacion: 4 existentes
19:40:05,156 (AWT-EventQueue-0) INFO  [uniandes.isis2304.hotelandes.negocio.HotelAndes] - Consultando dinero
19:41:25,141 (main) INFO  [uniandes.isis2304.hotelandes.interfazApp.InterfazHotelAndesApp] - Se encontró un archivo de configuración válido: Interfaz
19:41:25,142 (main) INFO  [uniandes.isis2304.hotelandes.interfazApp.InterfazHotelAndesApp] - Se aplica configuración indicada en el archivo de configuración
19:41:25,158 (main) INFO  [uniandes.isis2304.hotelandes.interfazApp.InterfazHotelAndesApp] - Se encontró un archivo de configuración válido: Tablas BD
19:41:34,712 (AWT-EventQueue-0) INFO  [uniandes.isis2304.hotelandes.negocio.HotelAndes] - Consultando Indice Ocupacion
19:41:34,762 (AWT-EventQueue-0) INFO  [uniandes.isis2304.hotelandes.negocio.HotelAndes] - Consultando Indice Ocupacion: 4 existentes
19:41:34,763 (AWT-EventQueue-0) INFO  [uniandes.isis2304.hotelandes.negocio.HotelAndes] - Consultando Indice Ocupacion
19:41:34,785 (AWT-EventQueue-0) INFO  [uniandes.isis2304.hotelandes.negocio.HotelAndes] - Consultando Indice Ocupacion: 4 existentes
20:11:08,607 (main) INFO  [uniandes.isis2304.hotelandes.interfazApp.InterfazHotelAndesApp] - Se encontró un archivo de configuración válido: Interfaz
20:11:08,608 (main) INFO  [uniandes.isis2304.hotelandes.interfazApp.InterfazHotelAndesApp] - Se aplica configuración indicada en el archivo de configuración
20:11:08,623 (main) INFO  [uniandes.isis2304.hotelandes.interfazApp.InterfazHotelAndesApp] - Se encontró un archivo de configuración válido: Tablas BD
20:11:26,974 (AWT-EventQueue-0) INFO  [uniandes.isis2304.hotelandes.negocio.HotelAndes] - Consultando Consumo Usuario
20:11:27,060 (AWT-EventQueue-0) INFO  [uniandes.isis2304.hotelandes.negocio.HotelAndes] - Consultando Consumo Usuario: 1 existentes
20:11:27,061 (AWT-EventQueue-0) INFO  [uniandes.isis2304.hotelandes.negocio.HotelAndes] - Consultando Consumo Usuario
20:11:27,078 (AWT-EventQueue-0) INFO  [uniandes.isis2304.hotelandes.negocio.HotelAndes] - Consultando Consumo Usuario: 1 existentes
20:49:24,988 (main) INFO  [uniandes.isis2304.hotelandes.interfazApp.InterfazHotelAndesApp] - Se encontró un archivo de configuración válido: Interfaz
20:49:24,989 (main) INFO  [uniandes.isis2304.hotelandes.interfazApp.InterfazHotelAndesApp] - Se aplica configuración indicada en el archivo de configuración
20:49:25,004 (main) INFO  [uniandes.isis2304.hotelandes.interfazApp.InterfazHotelAndesApp] - Se encontró un archivo de configuración válido: Tablas BD
20:49:52,184 (AWT-EventQueue-0) INFO  [uniandes.isis2304.hotelandes.negocio.HotelAndes] - Consultando Servicios Caracteristica
20:52:09,708 (main) INFO  [uniandes.isis2304.hotelandes.interfazApp.InterfazHotelAndesApp] - Se encontró un archivo de configuración válido: Interfaz
20:52:09,709 (main) INFO  [uniandes.isis2304.hotelandes.interfazApp.InterfazHotelAndesApp] - Se aplica configuración indicada en el archivo de configuración
20:52:09,723 (main) INFO  [uniandes.isis2304.hotelandes.interfazApp.InterfazHotelAndesApp] - Se encontró un archivo de configuración válido: Tablas BD
20:52:26,563 (AWT-EventQueue-0) INFO  [uniandes.isis2304.hotelandes.negocio.HotelAndes] - Consultando Servicios Caracteristica
20:53:08,489 (main) INFO  [uniandes.isis2304.hotelandes.interfazApp.InterfazHotelAndesApp] - Se encontró un archivo de configuración válido: Interfaz
20:53:08,489 (main) INFO  [uniandes.isis2304.hotelandes.interfazApp.InterfazHotelAndesApp] - Se aplica configuración indicada en el archivo de configuración
20:53:08,505 (main) INFO  [uniandes.isis2304.hotelandes.interfazApp.InterfazHotelAndesApp] - Se encontró un archivo de configuración válido: Tablas BD
20:53:27,303 (AWT-EventQueue-0) INFO  [uniandes.isis2304.hotelandes.negocio.HotelAndes] - Consultando Servicios Caracteristica
20:53:27,419 (AWT-EventQueue-0) INFO  [uniandes.isis2304.hotelandes.negocio.HotelAndes] - Consultando Consumo Usuario: 3 existentes
20:54:45,515 (main) INFO  [uniandes.isis2304.hotelandes.interfazApp.InterfazHotelAndesApp] - Se encontró un archivo de configuración válido: Interfaz
20:54:45,515 (main) INFO  [uniandes.isis2304.hotelandes.interfazApp.InterfazHotelAndesApp] - Se aplica configuración indicada en el archivo de configuración
20:54:45,532 (main) INFO  [uniandes.isis2304.hotelandes.interfazApp.InterfazHotelAndesApp] - Se encontró un archivo de configuración válido: Tablas BD
20:55:02,362 (AWT-EventQueue-0) INFO  [uniandes.isis2304.hotelandes.negocio.HotelAndes] - Consultando Servicios Caracteristica
20:55:02,469 (AWT-EventQueue-0) INFO  [uniandes.isis2304.hotelandes.negocio.HotelAndes] - Consultando Consumo Usuario: 3 existentes
